{"D:\\ROAD-TO-12\\saas-backend\\apps\\api\\src\\app.ts": {"path":"D:\\ROAD-TO-12\\saas-backend\\apps\\api\\src\\app.ts","statementMap":{"0":{"start":{"line":6,"column":28},"end":{"line":6,"column":37}},"1":{"start":{"line":8,"column":0},"end":{"line":8,"column":24}},"2":{"start":{"line":9,"column":0},"end":{"line":9,"column":24}},"3":{"start":{"line":11,"column":0},"end":{"line":11,"column":27}},"4":{"start":{"line":13,"column":0},"end":{"line":13,"column":25}}},"fnMap":{},"branchMap":{},"s":{"0":2,"1":2,"2":2,"3":2,"4":2},"f":{},"b":{}}
,"D:\\ROAD-TO-12\\saas-backend\\apps\\api\\src\\core\\config.ts": {"path":"D:\\ROAD-TO-12\\saas-backend\\apps\\api\\src\\core\\config.ts","statementMap":{"0":{"start":{"line":5,"column":15},"end":{"line":5,"column":46}},"1":{"start":{"line":7,"column":0},"end":{"line":10,"column":3}},"2":{"start":{"line":12,"column":18},"end":{"line":21,"column":2}},"3":{"start":{"line":23,"column":16},"end":{"line":23,"column":48}},"4":{"start":{"line":25,"column":0},"end":{"line":28,"column":1}},"5":{"start":{"line":26,"column":2},"end":{"line":26,"column":76}},"6":{"start":{"line":27,"column":2},"end":{"line":27,"column":18}},"7":{"start":{"line":30,"column":22},"end":{"line":30,"column":34}}},"fnMap":{},"branchMap":{"0":{"loc":{"start":{"line":8,"column":36},"end":{"line":8,"column":65}},"type":"cond-expr","locations":[{"start":{"line":8,"column":45},"end":{"line":8,"column":56}},{"start":{"line":8,"column":59},"end":{"line":8,"column":65}}]},"1":{"loc":{"start":{"line":25,"column":0},"end":{"line":28,"column":1}},"type":"if","locations":[{"start":{"line":25,"column":0},"end":{"line":28,"column":1}},{"start":{},"end":{}}]}},"s":{"0":4,"1":4,"2":4,"3":4,"4":4,"5":0,"6":0,"7":4},"f":{},"b":{"0":[4,0],"1":[0,4]}}
,"D:\\ROAD-TO-12\\saas-backend\\apps\\api\\src\\core\\logger.ts": {"path":"D:\\ROAD-TO-12\\saas-backend\\apps\\api\\src\\core\\logger.ts","statementMap":{"0":{"start":{"line":4,"column":18},"end":{"line":4,"column":67}},"1":{"start":{"line":6,"column":22},"end":{"line":18,"column":2}}},"fnMap":{},"branchMap":{"0":{"loc":{"start":{"line":8,"column":13},"end":{"line":17,"column":15}},"type":"cond-expr","locations":[{"start":{"line":9,"column":6},"end":{"line":16,"column":null}},{"start":{"line":17,"column":6},"end":{"line":17,"column":15}}]}},"s":{"0":4,"1":4},"f":{},"b":{"0":[4,0]}}
,"D:\\ROAD-TO-12\\saas-backend\\apps\\api\\src\\core\\security.ts": {"path":"D:\\ROAD-TO-12\\saas-backend\\apps\\api\\src\\core\\security.ts","statementMap":{"0":{"start":{"line":5,"column":22},"end":{"line":5,"column":52}},"1":{"start":{"line":6,"column":23},"end":{"line":6,"column":54}},"2":{"start":{"line":8,"column":0},"end":{"line":8,"column":58}},"3":{"start":{"line":10,"column":24},"end":{"line":31,"column":2}},"4":{"start":{"line":11,"column":38},"end":{"line":11,"column":63}},"5":{"start":{"line":14,"column":4},"end":{"line":14,"column":34}},"6":{"start":{"line":17,"column":4},"end":{"line":17,"column":66}},"7":{"start":{"line":21,"column":4},"end":{"line":21,"column":66}},"8":{"start":{"line":25,"column":4},"end":{"line":25,"column":80}},"9":{"start":{"line":29,"column":4},"end":{"line":29,"column":67}}},"fnMap":{"0":{"name":"(anonymous_0)","decl":{"start":{"line":11,"column":16},"end":{"line":11,"column":17}},"loc":{"start":{"line":11,"column":38},"end":{"line":11,"column":63}}},"1":{"name":"(anonymous_1)","decl":{"start":{"line":13,"column":19},"end":{"line":13,"column":20}},"loc":{"start":{"line":14,"column":4},"end":{"line":14,"column":34}}},"2":{"name":"(anonymous_2)","decl":{"start":{"line":16,"column":23},"end":{"line":16,"column":24}},"loc":{"start":{"line":16,"column":69},"end":{"line":18,"column":3}}},"3":{"name":"(anonymous_3)","decl":{"start":{"line":20,"column":24},"end":{"line":20,"column":25}},"loc":{"start":{"line":20,"column":56},"end":{"line":22,"column":3}}},"4":{"name":"(anonymous_4)","decl":{"start":{"line":24,"column":21},"end":{"line":24,"column":22}},"loc":{"start":{"line":24,"column":39},"end":{"line":26,"column":3}}},"5":{"name":"(anonymous_5)","decl":{"start":{"line":28,"column":22},"end":{"line":28,"column":23}},"loc":{"start":{"line":28,"column":40},"end":{"line":30,"column":3}}}},"branchMap":{},"s":{"0":4,"1":4,"2":4,"3":4,"4":1,"5":0,"6":1,"7":1,"8":0,"9":0},"f":{"0":1,"1":0,"2":1,"3":1,"4":0,"5":0},"b":{}}
,"D:\\ROAD-TO-12\\saas-backend\\apps\\api\\src\\exceptions\\exceptions.ts": {"path":"D:\\ROAD-TO-12\\saas-backend\\apps\\api\\src\\exceptions\\exceptions.ts","statementMap":{"0":{"start":{"line":9,"column":4},"end":{"line":9,"column":41}},"1":{"start":{"line":19,"column":4},"end":{"line":19,"column":41}},"2":{"start":{"line":29,"column":4},"end":{"line":29,"column":41}},"3":{"start":{"line":36,"column":4},"end":{"line":36,"column":41}},"4":{"start":{"line":43,"column":4},"end":{"line":43,"column":41}},"5":{"start":{"line":54,"column":4},"end":{"line":54,"column":43}}},"fnMap":{"0":{"name":"(anonymous_0)","decl":{"start":{"line":5,"column":2},"end":{"line":5,"column":null}},"loc":{"start":{"line":7,"column":54},"end":{"line":10,"column":3}}},"1":{"name":"(anonymous_1)","decl":{"start":{"line":15,"column":2},"end":{"line":15,"column":null}},"loc":{"start":{"line":17,"column":49},"end":{"line":20,"column":3}}},"2":{"name":"(anonymous_2)","decl":{"start":{"line":25,"column":2},"end":{"line":25,"column":null}},"loc":{"start":{"line":27,"column":46},"end":{"line":30,"column":3}}},"3":{"name":"(anonymous_3)","decl":{"start":{"line":35,"column":2},"end":{"line":35,"column":14}},"loc":{"start":{"line":35,"column":51},"end":{"line":37,"column":3}}},"4":{"name":"(anonymous_4)","decl":{"start":{"line":42,"column":2},"end":{"line":42,"column":14}},"loc":{"start":{"line":42,"column":51},"end":{"line":44,"column":3}}},"5":{"name":"(anonymous_5)","decl":{"start":{"line":49,"column":2},"end":{"line":49,"column":null}},"loc":{"start":{"line":52,"column":55},"end":{"line":55,"column":3}}}},"branchMap":{"0":{"loc":{"start":{"line":7,"column":4},"end":{"line":7,"column":54}},"type":"default-arg","locations":[{"start":{"line":7,"column":27},"end":{"line":7,"column":54}}]},"1":{"loc":{"start":{"line":16,"column":4},"end":{"line":16,"column":43}},"type":"default-arg","locations":[{"start":{"line":16,"column":22},"end":{"line":16,"column":43}}]},"2":{"loc":{"start":{"line":17,"column":4},"end":{"line":17,"column":49}},"type":"default-arg","locations":[{"start":{"line":17,"column":27},"end":{"line":17,"column":49}}]},"3":{"loc":{"start":{"line":26,"column":4},"end":{"line":26,"column":40}},"type":"default-arg","locations":[{"start":{"line":26,"column":22},"end":{"line":26,"column":40}}]},"4":{"loc":{"start":{"line":27,"column":4},"end":{"line":27,"column":46}},"type":"default-arg","locations":[{"start":{"line":27,"column":27},"end":{"line":27,"column":46}}]},"5":{"loc":{"start":{"line":52,"column":4},"end":{"line":52,"column":55}},"type":"default-arg","locations":[{"start":{"line":52,"column":27},"end":{"line":52,"column":55}}]}},"s":{"0":1,"1":3,"2":0,"3":0,"4":2,"5":0},"f":{"0":1,"1":3,"2":0,"3":0,"4":2,"5":0},"b":{"0":[1],"1":[0],"2":[3],"3":[0],"4":[0],"5":[0]}}
,"D:\\ROAD-TO-12\\saas-backend\\apps\\api\\src\\exceptions\\root.ts": {"path":"D:\\ROAD-TO-12\\saas-backend\\apps\\api\\src\\exceptions\\root.ts","statementMap":{"0":{"start":{"line":1,"column":0},"end":{"line":1,"column":null}},"1":{"start":{"line":3,"column":2},"end":{"line":3,"column":null}},"2":{"start":{"line":4,"column":2},"end":{"line":4,"column":null}},"3":{"start":{"line":5,"column":2},"end":{"line":5,"column":null}},"4":{"start":{"line":8,"column":2},"end":{"line":8,"column":null}},"5":{"start":{"line":9,"column":2},"end":{"line":9,"column":null}},"6":{"start":{"line":10,"column":2},"end":{"line":10,"column":null}},"7":{"start":{"line":13,"column":2},"end":{"line":13,"column":null}},"8":{"start":{"line":14,"column":2},"end":{"line":14,"column":null}},"9":{"start":{"line":15,"column":2},"end":{"line":15,"column":null}},"10":{"start":{"line":18,"column":2},"end":{"line":18,"column":null}},"11":{"start":{"line":19,"column":2},"end":{"line":19,"column":null}},"12":{"start":{"line":22,"column":2},"end":{"line":22,"column":null}},"13":{"start":{"line":23,"column":2},"end":{"line":23,"column":null}},"14":{"start":{"line":24,"column":2},"end":{"line":24,"column":null}},"15":{"start":{"line":34,"column":4},"end":{"line":34,"column":19}},"16":{"start":{"line":29,"column":11},"end":{"line":29,"column":26}},"17":{"start":{"line":30,"column":11},"end":{"line":30,"column":29}},"18":{"start":{"line":31,"column":11},"end":{"line":31,"column":31}},"19":{"start":{"line":32,"column":11},"end":{"line":32,"column":25}},"20":{"start":{"line":36,"column":4},"end":{"line":36,"column":52}}},"fnMap":{"0":{"name":"(anonymous_0)","decl":{"start":{"line":1,"column":0},"end":{"line":1,"column":6}},"loc":{"start":{"line":1,"column":21},"end":{"line":25,"column":1}}},"1":{"name":"(anonymous_1)","decl":{"start":{"line":28,"column":2},"end":{"line":28,"column":null}},"loc":{"start":{"line":32,"column":29},"end":{"line":37,"column":3}}}},"branchMap":{"0":{"loc":{"start":{"line":1,"column":12},"end":{"line":1,"column":null}},"type":"binary-expr","locations":[{"start":{"line":1,"column":12},"end":{"line":1,"column":21}},{"start":{"line":1,"column":12},"end":{"line":1,"column":null}}]},"1":{"loc":{"start":{"line":32,"column":11},"end":{"line":32,"column":29}},"type":"default-arg","locations":[{"start":{"line":32,"column":25},"end":{"line":32,"column":29}}]}},"s":{"0":4,"1":4,"2":4,"3":4,"4":4,"5":4,"6":4,"7":4,"8":4,"9":4,"10":4,"11":4,"12":4,"13":4,"14":4,"15":6,"16":6,"17":6,"18":6,"19":6,"20":6},"f":{"0":4,"1":6},"b":{"0":[4,4],"1":[0]}}
,"D:\\ROAD-TO-12\\saas-backend\\apps\\api\\src\\generated\\prisma\\client.ts": {"path":"D:\\ROAD-TO-12\\saas-backend\\apps\\api\\src\\generated\\prisma\\client.ts","statementMap":{"0":{"start":{"line":16,"column":0},"end":{"line":16,"column":null}},"1":{"start":{"line":38,"column":28},"end":{"line":38,"column":57}}},"fnMap":{},"branchMap":{},"s":{"0":4,"1":4},"f":{},"b":{}}
,"D:\\ROAD-TO-12\\saas-backend\\apps\\api\\src\\generated\\prisma\\enums.ts": {"path":"D:\\ROAD-TO-12\\saas-backend\\apps\\api\\src\\generated\\prisma\\enums.ts","statementMap":{"0":{"start":{"line":12,"column":28},"end":{"line":18,"column":null}}},"fnMap":{},"branchMap":{},"s":{"0":4},"f":{},"b":{}}
,"D:\\ROAD-TO-12\\saas-backend\\apps\\api\\src\\generated\\prisma\\internal\\class.ts": {"path":"D:\\ROAD-TO-12\\saas-backend\\apps\\api\\src\\generated\\prisma\\internal\\class.ts","statementMap":{"0":{"start":{"line":18,"column":46},"end":{"line":29,"column":null}},"1":{"start":{"line":31,"column":0},"end":{"line":31,"column":null}},"2":{"start":{"line":34,"column":21},"end":{"line":34,"column":48}},"3":{"start":{"line":35,"column":20},"end":{"line":35,"column":53}},"4":{"start":{"line":36,"column":2},"end":{"line":36,"column":null}},"5":{"start":{"line":39,"column":0},"end":{"line":48,"column":null}},"6":{"start":{"line":40,"column":26},"end":{"line":40,"column":102}},"7":{"start":{"line":43,"column":21},"end":{"line":43,"column":109}},"8":{"start":{"line":44,"column":4},"end":{"line":44,"column":null}},"9":{"start":{"line":231,"column":2},"end":{"line":231,"column":null}}},"fnMap":{"0":{"name":"decodeBase64AsWasm","decl":{"start":{"line":33,"column":15},"end":{"line":33,"column":33}},"loc":{"start":{"line":33,"column":52},"end":{"line":37,"column":1}}},"1":{"name":"(anonymous_1)","decl":{"start":{"line":40,"column":14},"end":{"line":40,"column":19}},"loc":{"start":{"line":40,"column":26},"end":{"line":40,"column":102}}},"2":{"name":"(anonymous_2)","decl":{"start":{"line":42,"column":30},"end":{"line":42,"column":35}},"loc":{"start":{"line":42,"column":41},"end":{"line":45,"column":3}}},"3":{"name":"getPrismaClientClass","decl":{"start":{"line":230,"column":16},"end":{"line":230,"column":36}},"loc":{"start":{"line":230,"column":36},"end":{"line":232,"column":1}}}},"branchMap":{},"s":{"0":4,"1":4,"2":2,"3":2,"4":2,"5":4,"6":2,"7":2,"8":2,"9":4},"f":{"0":2,"1":2,"2":2,"3":4},"b":{}}
,"D:\\ROAD-TO-12\\saas-backend\\apps\\api\\src\\generated\\prisma\\internal\\prismaNamespace.ts": {"path":"D:\\ROAD-TO-12\\saas-backend\\apps\\api\\src\\generated\\prisma\\internal\\prismaNamespace.ts","statementMap":{"0":{"start":{"line":32,"column":45},"end":{"line":32,"column":82}},"1":{"start":{"line":35,"column":47},"end":{"line":35,"column":86}},"2":{"start":{"line":38,"column":42},"end":{"line":38,"column":76}},"3":{"start":{"line":41,"column":47},"end":{"line":41,"column":86}},"4":{"start":{"line":44,"column":43},"end":{"line":44,"column":78}},"5":{"start":{"line":50,"column":19},"end":{"line":50,"column":33}},"6":{"start":{"line":51,"column":21},"end":{"line":51,"column":34}},"7":{"start":{"line":52,"column":20},"end":{"line":52,"column":32}},"8":{"start":{"line":53,"column":19},"end":{"line":53,"column":30}},"9":{"start":{"line":54,"column":19},"end":{"line":54,"column":30}},"10":{"start":{"line":62,"column":23},"end":{"line":62,"column":38}},"11":{"start":{"line":71,"column":35},"end":{"line":71,"column":73}},"12":{"start":{"line":86,"column":44},"end":{"line":89,"column":null}},"13":{"start":{"line":104,"column":25},"end":{"line":108,"column":null}},"14":{"start":{"line":114,"column":22},"end":{"line":114,"column":36}},"15":{"start":{"line":121,"column":24},"end":{"line":121,"column":40}},"16":{"start":{"line":128,"column":23},"end":{"line":128,"column":38}},"17":{"start":{"line":386,"column":25},"end":{"line":392,"column":null}},"18":{"start":{"line":810,"column":41},"end":{"line":815,"column":11}},"19":{"start":{"line":820,"column":35},"end":{"line":832,"column":null}},"20":{"start":{"line":837,"column":37},"end":{"line":848,"column":null}},"21":{"start":{"line":853,"column":38},"end":{"line":860,"column":null}},"22":{"start":{"line":865,"column":41},"end":{"line":871,"column":null}},"23":{"start":{"line":876,"column":43},"end":{"line":882,"column":null}},"24":{"start":{"line":887,"column":25},"end":{"line":890,"column":null}},"25":{"start":{"line":895,"column":25},"end":{"line":898,"column":null}},"26":{"start":{"line":903,"column":26},"end":{"line":906,"column":null}},"27":{"start":{"line":986,"column":31},"end":{"line":986,"column":175}}},"fnMap":{},"branchMap":{},"s":{"0":4,"1":4,"2":4,"3":4,"4":4,"5":4,"6":4,"7":4,"8":4,"9":4,"10":4,"11":4,"12":4,"13":4,"14":4,"15":4,"16":4,"17":4,"18":4,"19":4,"20":4,"21":4,"22":4,"23":4,"24":4,"25":4,"26":4,"27":4},"f":{},"b":{}}
,"D:\\ROAD-TO-12\\saas-backend\\apps\\api\\src\\infra\\db.ts": {"path":"D:\\ROAD-TO-12\\saas-backend\\apps\\api\\src\\infra\\db.ts","statementMap":{"0":{"start":{"line":8,"column":0},"end":{"line":15,"column":1}},"1":{"start":{"line":12,"column":2},"end":{"line":14,"column":4}},"2":{"start":{"line":17,"column":13},"end":{"line":17,"column":67}},"3":{"start":{"line":18,"column":16},"end":{"line":18,"column":34}},"4":{"start":{"line":20,"column":22},"end":{"line":24,"column":9}},"5":{"start":{"line":26,"column":25},"end":{"line":36,"column":1}},"6":{"start":{"line":27,"column":2},"end":{"line":35,"column":3}},"7":{"start":{"line":28,"column":4},"end":{"line":28,"column":28}},"8":{"start":{"line":29,"column":4},"end":{"line":31,"column":6}},"9":{"start":{"line":33,"column":4},"end":{"line":33,"column":58}},"10":{"start":{"line":34,"column":4},"end":{"line":34,"column":20}},"11":{"start":{"line":38,"column":28},"end":{"line":40,"column":1}},"12":{"start":{"line":39,"column":2},"end":{"line":39,"column":29}}},"fnMap":{"0":{"name":"(anonymous_0)","decl":{"start":{"line":26,"column":25},"end":{"line":26,"column":30}},"loc":{"start":{"line":26,"column":36},"end":{"line":36,"column":1}}},"1":{"name":"(anonymous_1)","decl":{"start":{"line":38,"column":28},"end":{"line":38,"column":33}},"loc":{"start":{"line":38,"column":39},"end":{"line":40,"column":1}}}},"branchMap":{"0":{"loc":{"start":{"line":8,"column":0},"end":{"line":15,"column":1}},"type":"if","locations":[{"start":{"line":8,"column":0},"end":{"line":15,"column":1}},{"start":{},"end":{}}]},"1":{"loc":{"start":{"line":9,"column":2},"end":{"line":10,"column":50}},"type":"binary-expr","locations":[{"start":{"line":9,"column":2},"end":{"line":9,"column":28}},{"start":{"line":10,"column":2},"end":{"line":10,"column":50}}]},"2":{"loc":{"start":{"line":23,"column":4},"end":{"line":23,"column":79}},"type":"cond-expr","locations":[{"start":{"line":23,"column":33},"end":{"line":23,"column":42}},{"start":{"line":23,"column":45},"end":{"line":23,"column":79}}]}},"s":{"0":4,"1":0,"2":4,"3":4,"4":4,"5":4,"6":0,"7":0,"8":0,"9":0,"10":0,"11":4,"12":0},"f":{"0":0,"1":0},"b":{"0":[0,4],"1":[4,4],"2":[4,0]}}
,"D:\\ROAD-TO-12\\saas-backend\\apps\\api\\src\\middlewares\\auth.middleware.ts": {"path":"D:\\ROAD-TO-12\\saas-backend\\apps\\api\\src\\middlewares\\auth.middleware.ts","statementMap":{"0":{"start":{"line":5,"column":28},"end":{"line":24,"column":1}},"1":{"start":{"line":10,"column":21},"end":{"line":10,"column":46}},"2":{"start":{"line":11,"column":2},"end":{"line":13,"column":3}},"3":{"start":{"line":12,"column":4},"end":{"line":12,"column":57}},"4":{"start":{"line":15,"column":16},"end":{"line":15,"column":40}},"5":{"start":{"line":16,"column":2},"end":{"line":23,"column":3}},"6":{"start":{"line":17,"column":20},"end":{"line":17,"column":53}},"7":{"start":{"line":19,"column":4},"end":{"line":19,"column":23}},"8":{"start":{"line":20,"column":4},"end":{"line":20,"column":11}},"9":{"start":{"line":22,"column":4},"end":{"line":22,"column":71}}},"fnMap":{"0":{"name":"(anonymous_0)","decl":{"start":{"line":5,"column":28},"end":{"line":5,"column":null}},"loc":{"start":{"line":9,"column":10},"end":{"line":24,"column":1}}}},"branchMap":{"0":{"loc":{"start":{"line":11,"column":2},"end":{"line":13,"column":3}},"type":"if","locations":[{"start":{"line":11,"column":2},"end":{"line":13,"column":3}},{"start":{},"end":{}}]}},"s":{"0":2,"1":0,"2":0,"3":0,"4":0,"5":0,"6":0,"7":0,"8":0,"9":0},"f":{"0":0},"b":{"0":[0,0]}}
,"D:\\ROAD-TO-12\\saas-backend\\apps\\api\\src\\middlewares\\error.middleware.ts": {"path":"D:\\ROAD-TO-12\\saas-backend\\apps\\api\\src\\middlewares\\error.middleware.ts","statementMap":{"0":{"start":{"line":6,"column":31},"end":{"line":53,"column":1}},"1":{"start":{"line":13,"column":2},"end":{"line":20,"column":3}},"2":{"start":{"line":14,"column":4},"end":{"line":19,"column":7}},"3":{"start":{"line":23,"column":2},"end":{"line":30,"column":3}},"4":{"start":{"line":24,"column":4},"end":{"line":29,"column":7}},"5":{"start":{"line":33,"column":2},"end":{"line":42,"column":3}},"6":{"start":{"line":34,"column":4},"end":{"line":41,"column":5}},"7":{"start":{"line":36,"column":6},"end":{"line":40,"column":9}},"8":{"start":{"line":45,"column":2},"end":{"line":45,"column":43}},"9":{"start":{"line":47,"column":2},"end":{"line":52,"column":5}}},"fnMap":{"0":{"name":"(anonymous_0)","decl":{"start":{"line":6,"column":31},"end":{"line":6,"column":null}},"loc":{"start":{"line":11,"column":4},"end":{"line":53,"column":1}}}},"branchMap":{"0":{"loc":{"start":{"line":13,"column":2},"end":{"line":20,"column":3}},"type":"if","locations":[{"start":{"line":13,"column":2},"end":{"line":20,"column":3}},{"start":{},"end":{}}]},"1":{"loc":{"start":{"line":23,"column":2},"end":{"line":30,"column":3}},"type":"if","locations":[{"start":{"line":23,"column":2},"end":{"line":30,"column":3}},{"start":{},"end":{}}]},"2":{"loc":{"start":{"line":33,"column":2},"end":{"line":42,"column":3}},"type":"if","locations":[{"start":{"line":33,"column":2},"end":{"line":42,"column":3}},{"start":{},"end":{}}]},"3":{"loc":{"start":{"line":34,"column":4},"end":{"line":41,"column":5}},"type":"if","locations":[{"start":{"line":34,"column":4},"end":{"line":41,"column":5}},{"start":{},"end":{}}]},"4":{"loc":{"start":{"line":51,"column":8},"end":{"line":51,"column":72}},"type":"binary-expr","locations":[{"start":{"line":51,"column":8},"end":{"line":51,"column":46}},{"start":{"line":51,"column":50},"end":{"line":51,"column":72}}]}},"s":{"0":2,"1":2,"2":2,"3":0,"4":0,"5":0,"6":0,"7":0,"8":0,"9":0},"f":{"0":2},"b":{"0":[2,0],"1":[0,0],"2":[0,0],"3":[0,0],"4":[0,0]}}
,"D:\\ROAD-TO-12\\saas-backend\\apps\\api\\src\\middlewares\\role.middleware.ts": {"path":"D:\\ROAD-TO-12\\saas-backend\\apps\\api\\src\\middlewares\\role.middleware.ts","statementMap":{"0":{"start":{"line":4,"column":25},"end":{"line":23,"column":1}},"1":{"start":{"line":5,"column":2},"end":{"line":22,"column":4}},"2":{"start":{"line":7,"column":4},"end":{"line":9,"column":5}},"3":{"start":{"line":8,"column":6},"end":{"line":8,"column":73}},"4":{"start":{"line":12,"column":20},"end":{"line":12,"column":56}},"5":{"start":{"line":14,"column":4},"end":{"line":18,"column":5}},"6":{"start":{"line":15,"column":6},"end":{"line":17,"column":9}},"7":{"start":{"line":21,"column":4},"end":{"line":21,"column":11}},"8":{"start":{"line":25,"column":30},"end":{"line":34,"column":1}},"9":{"start":{"line":26,"column":2},"end":{"line":33,"column":4}},"10":{"start":{"line":27,"column":4},"end":{"line":31,"column":5}},"11":{"start":{"line":28,"column":6},"end":{"line":30,"column":8}},"12":{"start":{"line":32,"column":4},"end":{"line":32,"column":11}}},"fnMap":{"0":{"name":"(anonymous_0)","decl":{"start":{"line":4,"column":25},"end":{"line":4,"column":26}},"loc":{"start":{"line":4,"column":52},"end":{"line":23,"column":1}}},"1":{"name":"(anonymous_1)","decl":{"start":{"line":5,"column":9},"end":{"line":5,"column":10}},"loc":{"start":{"line":5,"column":61},"end":{"line":22,"column":3}}},"2":{"name":"(anonymous_2)","decl":{"start":{"line":25,"column":30},"end":{"line":25,"column":31}},"loc":{"start":{"line":25,"column":53},"end":{"line":34,"column":1}}},"3":{"name":"(anonymous_3)","decl":{"start":{"line":26,"column":9},"end":{"line":26,"column":10}},"loc":{"start":{"line":26,"column":62},"end":{"line":33,"column":3}}}},"branchMap":{"0":{"loc":{"start":{"line":7,"column":4},"end":{"line":9,"column":5}},"type":"if","locations":[{"start":{"line":7,"column":4},"end":{"line":9,"column":5}},{"start":{},"end":{}}]},"1":{"loc":{"start":{"line":14,"column":4},"end":{"line":18,"column":5}},"type":"if","locations":[{"start":{"line":14,"column":4},"end":{"line":18,"column":5}},{"start":{},"end":{}}]},"2":{"loc":{"start":{"line":27,"column":4},"end":{"line":31,"column":5}},"type":"if","locations":[{"start":{"line":27,"column":4},"end":{"line":31,"column":5}},{"start":{},"end":{}}]},"3":{"loc":{"start":{"line":27,"column":8},"end":{"line":27,"column":51}},"type":"binary-expr","locations":[{"start":{"line":27,"column":8},"end":{"line":27,"column":17}},{"start":{"line":27,"column":21},"end":{"line":27,"column":51}}]}},"s":{"0":2,"1":0,"2":0,"3":0,"4":0,"5":0,"6":0,"7":0,"8":2,"9":26,"10":0,"11":0,"12":0},"f":{"0":0,"1":0,"2":26,"3":0},"b":{"0":[0,0],"1":[0,0],"2":[0,0],"3":[0,0]}}
,"D:\\ROAD-TO-12\\saas-backend\\apps\\api\\src\\middlewares\\validate.middleware.ts": {"path":"D:\\ROAD-TO-12\\saas-backend\\apps\\api\\src\\middlewares\\validate.middleware.ts","statementMap":{"0":{"start":{"line":6,"column":2},"end":{"line":29,"column":3}},"1":{"start":{"line":7,"column":2},"end":{"line":29,"column":3}},"2":{"start":{"line":8,"column":4},"end":{"line":28,"column":5}},"3":{"start":{"line":9,"column":6},"end":{"line":13,"column":9}},"4":{"start":{"line":15,"column":6},"end":{"line":15,"column":20}},"5":{"start":{"line":17,"column":6},"end":{"line":25,"column":7}},"6":{"start":{"line":18,"column":8},"end":{"line":24,"column":10}},"7":{"start":{"line":21,"column":26},"end":{"line":21,"column":61}},"8":{"start":{"line":27,"column":6},"end":{"line":27,"column":25}}},"fnMap":{"0":{"name":"(anonymous_0)","decl":{"start":{"line":6,"column":2},"end":{"line":6,"column":3}},"loc":{"start":{"line":7,"column":2},"end":{"line":29,"column":3}}},"1":{"name":"(anonymous_1)","decl":{"start":{"line":7,"column":2},"end":{"line":7,"column":7}},"loc":{"start":{"line":7,"column":61},"end":{"line":29,"column":3}}},"2":{"name":"(anonymous_2)","decl":{"start":{"line":21,"column":19},"end":{"line":21,"column":20}},"loc":{"start":{"line":21,"column":26},"end":{"line":21,"column":61}}}},"branchMap":{"0":{"loc":{"start":{"line":17,"column":6},"end":{"line":25,"column":7}},"type":"if","locations":[{"start":{"line":17,"column":6},"end":{"line":25,"column":7}},{"start":{},"end":{}}]}},"s":{"0":2,"1":34,"2":3,"3":3,"4":2,"5":1,"6":1,"7":1,"8":0},"f":{"0":34,"1":3,"2":1},"b":{"0":[1,0]}}
,"D:\\ROAD-TO-12\\saas-backend\\apps\\api\\src\\modules\\attendance\\attendance.controller.ts": {"path":"D:\\ROAD-TO-12\\saas-backend\\apps\\api\\src\\modules\\attendance\\attendance.controller.ts","statementMap":{"0":{"start":{"line":4,"column":26},"end":{"line":4,"column":49}},"1":{"start":{"line":6,"column":30},"end":{"line":18,"column":1}},"2":{"start":{"line":11,"column":2},"end":{"line":17,"column":3}},"3":{"start":{"line":12,"column":37},"end":{"line":12,"column":45}},"4":{"start":{"line":13,"column":19},"end":{"line":13,"column":79}},"5":{"start":{"line":14,"column":4},"end":{"line":14,"column":58}},"6":{"start":{"line":16,"column":4},"end":{"line":16,"column":16}},"7":{"start":{"line":20,"column":35},"end":{"line":31,"column":1}},"8":{"start":{"line":25,"column":2},"end":{"line":30,"column":3}},"9":{"start":{"line":26,"column":17},"end":{"line":26,"column":61}},"10":{"start":{"line":27,"column":4},"end":{"line":27,"column":50}},"11":{"start":{"line":29,"column":4},"end":{"line":29,"column":16}},"12":{"start":{"line":33,"column":35},"end":{"line":45,"column":1}},"13":{"start":{"line":38,"column":2},"end":{"line":44,"column":3}},"14":{"start":{"line":39,"column":17},"end":{"line":39,"column":41}},"15":{"start":{"line":40,"column":17},"end":{"line":40,"column":65}},"16":{"start":{"line":41,"column":4},"end":{"line":41,"column":50}},"17":{"start":{"line":43,"column":4},"end":{"line":43,"column":16}},"18":{"start":{"line":47,"column":30},"end":{"line":58,"column":1}},"19":{"start":{"line":52,"column":2},"end":{"line":57,"column":3}},"20":{"start":{"line":53,"column":18},"end":{"line":53,"column":71}},"21":{"start":{"line":54,"column":4},"end":{"line":54,"column":57}},"22":{"start":{"line":56,"column":4},"end":{"line":56,"column":16}}},"fnMap":{"0":{"name":"(anonymous_0)","decl":{"start":{"line":6,"column":30},"end":{"line":6,"column":35}},"loc":{"start":{"line":10,"column":4},"end":{"line":18,"column":1}}},"1":{"name":"(anonymous_1)","decl":{"start":{"line":20,"column":35},"end":{"line":20,"column":40}},"loc":{"start":{"line":24,"column":4},"end":{"line":31,"column":1}}},"2":{"name":"(anonymous_2)","decl":{"start":{"line":33,"column":35},"end":{"line":33,"column":40}},"loc":{"start":{"line":37,"column":4},"end":{"line":45,"column":1}}},"3":{"name":"(anonymous_3)","decl":{"start":{"line":47,"column":30},"end":{"line":47,"column":35}},"loc":{"start":{"line":51,"column":4},"end":{"line":58,"column":1}}}},"branchMap":{},"s":{"0":2,"1":2,"2":0,"3":0,"4":0,"5":0,"6":0,"7":2,"8":0,"9":0,"10":0,"11":0,"12":2,"13":0,"14":0,"15":0,"16":0,"17":0,"18":2,"19":0,"20":0,"21":0,"22":0},"f":{"0":0,"1":0,"2":0,"3":0},"b":{}}
,"D:\\ROAD-TO-12\\saas-backend\\apps\\api\\src\\modules\\attendance\\attendance.repository.ts": {"path":"D:\\ROAD-TO-12\\saas-backend\\apps\\api\\src\\modules\\attendance\\attendance.repository.ts","statementMap":{"0":{"start":{"line":10,"column":4},"end":{"line":15,"column":7}},"1":{"start":{"line":19,"column":4},"end":{"line":24,"column":7}},"2":{"start":{"line":28,"column":4},"end":{"line":34,"column":7}},"3":{"start":{"line":38,"column":24},"end":{"line":38,"column":78}},"4":{"start":{"line":39,"column":22},"end":{"line":42,"column":6}},"5":{"start":{"line":44,"column":4},"end":{"line":47,"column":6}}},"fnMap":{"0":{"name":"(anonymous_0)","decl":{"start":{"line":5,"column":2},"end":{"line":5,"column":7}},"loc":{"start":{"line":8,"column":18},"end":{"line":16,"column":3}}},"1":{"name":"(anonymous_1)","decl":{"start":{"line":18,"column":2},"end":{"line":18,"column":7}},"loc":{"start":{"line":18,"column":62},"end":{"line":25,"column":3}}},"2":{"name":"(anonymous_2)","decl":{"start":{"line":27,"column":2},"end":{"line":27,"column":7}},"loc":{"start":{"line":27,"column":46},"end":{"line":35,"column":3}}},"3":{"name":"(anonymous_3)","decl":{"start":{"line":37,"column":2},"end":{"line":37,"column":7}},"loc":{"start":{"line":37,"column":33},"end":{"line":48,"column":3}}}},"branchMap":{"0":{"loc":{"start":{"line":46,"column":33},"end":{"line":46,"column":59}},"type":"binary-expr","locations":[{"start":{"line":46,"column":33},"end":{"line":46,"column":51}},{"start":{"line":46,"column":55},"end":{"line":46,"column":59}}]}},"s":{"0":0,"1":0,"2":0,"3":0,"4":0,"5":0},"f":{"0":0,"1":0,"2":0,"3":0},"b":{"0":[0,0]}}
,"D:\\ROAD-TO-12\\saas-backend\\apps\\api\\src\\modules\\attendance\\attendance.routes.ts": {"path":"D:\\ROAD-TO-12\\saas-backend\\apps\\api\\src\\modules\\attendance\\attendance.routes.ts","statementMap":{"0":{"start":{"line":12,"column":30},"end":{"line":12,"column":38}},"1":{"start":{"line":13,"column":0},"end":{"line":13,"column":25}},"2":{"start":{"line":16,"column":0},"end":{"line":21,"column":2}},"3":{"start":{"line":24,"column":0},"end":{"line":28,"column":2}},"4":{"start":{"line":29,"column":0},"end":{"line":34,"column":2}},"5":{"start":{"line":37,"column":0},"end":{"line":41,"column":2}}},"fnMap":{},"branchMap":{},"s":{"0":2,"1":2,"2":2,"3":2,"4":2,"5":2},"f":{},"b":{}}
,"D:\\ROAD-TO-12\\saas-backend\\apps\\api\\src\\modules\\attendance\\attendance.schema.ts": {"path":"D:\\ROAD-TO-12\\saas-backend\\apps\\api\\src\\modules\\attendance\\attendance.schema.ts","statementMap":{"0":{"start":{"line":3,"column":36},"end":{"line":8,"column":2}},"1":{"start":{"line":10,"column":41},"end":{"line":16,"column":2}},"2":{"start":{"line":18,"column":33},"end":{"line":22,"column":2}}},"fnMap":{},"branchMap":{},"s":{"0":2,"1":2,"2":2},"f":{},"b":{}}
,"D:\\ROAD-TO-12\\saas-backend\\apps\\api\\src\\modules\\attendance\\attendance.service.ts": {"path":"D:\\ROAD-TO-12\\saas-backend\\apps\\api\\src\\modules\\attendance\\attendance.service.ts","statementMap":{"0":{"start":{"line":10,"column":23},"end":{"line":10,"column":49}},"1":{"start":{"line":11,"column":19},"end":{"line":11,"column":41}},"2":{"start":{"line":16,"column":19},"end":{"line":16,"column":54}},"3":{"start":{"line":17,"column":4},"end":{"line":18,"column":75}},"4":{"start":{"line":18,"column":6},"end":{"line":18,"column":75}},"5":{"start":{"line":19,"column":4},"end":{"line":20,"column":72}},"6":{"start":{"line":20,"column":6},"end":{"line":20,"column":72}},"7":{"start":{"line":23,"column":16},"end":{"line":23,"column":26}},"8":{"start":{"line":24,"column":21},"end":{"line":27,"column":null}},"9":{"start":{"line":30,"column":4},"end":{"line":32,"column":5}},"10":{"start":{"line":31,"column":6},"end":{"line":31,"column":75}},"11":{"start":{"line":34,"column":4},"end":{"line":34,"column":59}},"12":{"start":{"line":38,"column":23},"end":{"line":38,"column":69}},"13":{"start":{"line":39,"column":4},"end":{"line":42,"column":6}},"14":{"start":{"line":46,"column":19},"end":{"line":46,"column":54}},"15":{"start":{"line":47,"column":4},"end":{"line":48,"column":75}},"16":{"start":{"line":48,"column":6},"end":{"line":48,"column":75}},"17":{"start":{"line":50,"column":4},"end":{"line":50,"column":45}}},"fnMap":{"0":{"name":"(anonymous_0)","decl":{"start":{"line":14,"column":2},"end":{"line":14,"column":7}},"loc":{"start":{"line":14,"column":60},"end":{"line":35,"column":3}}},"1":{"name":"(anonymous_1)","decl":{"start":{"line":37,"column":2},"end":{"line":37,"column":7}},"loc":{"start":{"line":37,"column":46},"end":{"line":43,"column":3}}},"2":{"name":"(anonymous_2)","decl":{"start":{"line":45,"column":2},"end":{"line":45,"column":7}},"loc":{"start":{"line":45,"column":39},"end":{"line":51,"column":3}}}},"branchMap":{"0":{"loc":{"start":{"line":17,"column":4},"end":{"line":18,"column":75}},"type":"if","locations":[{"start":{"line":17,"column":4},"end":{"line":18,"column":75}},{"start":{},"end":{}}]},"1":{"loc":{"start":{"line":19,"column":4},"end":{"line":20,"column":72}},"type":"if","locations":[{"start":{"line":19,"column":4},"end":{"line":20,"column":72}},{"start":{},"end":{}}]},"2":{"loc":{"start":{"line":30,"column":4},"end":{"line":32,"column":5}},"type":"if","locations":[{"start":{"line":30,"column":4},"end":{"line":32,"column":5}},{"start":{},"end":{}}]},"3":{"loc":{"start":{"line":38,"column":23},"end":{"line":38,"column":69}},"type":"cond-expr","locations":[{"start":{"line":38,"column":36},"end":{"line":38,"column":56}},{"start":{"line":38,"column":59},"end":{"line":38,"column":69}}]},"4":{"loc":{"start":{"line":47,"column":4},"end":{"line":48,"column":75}},"type":"if","locations":[{"start":{"line":47,"column":4},"end":{"line":48,"column":75}},{"start":{},"end":{}}]}},"s":{"0":2,"1":2,"2":0,"3":0,"4":0,"5":0,"6":0,"7":0,"8":0,"9":0,"10":0,"11":0,"12":0,"13":0,"14":0,"15":0,"16":0,"17":0},"f":{"0":0,"1":0,"2":0},"b":{"0":[0,0],"1":[0,0],"2":[0,0],"3":[0,0],"4":[0,0]}}
,"D:\\ROAD-TO-12\\saas-backend\\apps\\api\\src\\modules\\auth\\auth.controller.ts": {"path":"D:\\ROAD-TO-12\\saas-backend\\apps\\api\\src\\modules\\auth\\auth.controller.ts","statementMap":{"0":{"start":{"line":10,"column":22},"end":{"line":40,"column":1}},"1":{"start":{"line":15,"column":2},"end":{"line":39,"column":3}},"2":{"start":{"line":16,"column":48},"end":{"line":17,"column":null}},"3":{"start":{"line":22,"column":4},"end":{"line":27,"column":7}},"4":{"start":{"line":29,"column":4},"end":{"line":36,"column":7}},"5":{"start":{"line":38,"column":4},"end":{"line":38,"column":16}},"6":{"start":{"line":42,"column":21},"end":{"line":63,"column":1}},"7":{"start":{"line":47,"column":2},"end":{"line":62,"column":3}},"8":{"start":{"line":48,"column":48},"end":{"line":49,"column":null}},"9":{"start":{"line":52,"column":4},"end":{"line":57,"column":7}},"10":{"start":{"line":59,"column":4},"end":{"line":59,"column":72}},"11":{"start":{"line":61,"column":4},"end":{"line":61,"column":16}},"12":{"start":{"line":65,"column":22},"end":{"line":88,"column":1}},"13":{"start":{"line":70,"column":2},"end":{"line":87,"column":3}},"14":{"start":{"line":71,"column":25},"end":{"line":71,"column":49}},"15":{"start":{"line":73,"column":4},"end":{"line":75,"column":5}},"16":{"start":{"line":74,"column":6},"end":{"line":74,"column":45}},"17":{"start":{"line":78,"column":4},"end":{"line":82,"column":7}},"18":{"start":{"line":84,"column":4},"end":{"line":84,"column":80}},"19":{"start":{"line":86,"column":4},"end":{"line":86,"column":16}},"20":{"start":{"line":90,"column":21},"end":{"line":117,"column":1}},"21":{"start":{"line":95,"column":2},"end":{"line":116,"column":3}},"22":{"start":{"line":96,"column":19},"end":{"line":96,"column":35}},"23":{"start":{"line":98,"column":17},"end":{"line":107,"column":6}},"24":{"start":{"line":109,"column":4},"end":{"line":111,"column":5}},"25":{"start":{"line":110,"column":6},"end":{"line":110,"column":78}},"26":{"start":{"line":113,"column":4},"end":{"line":113,"column":56}},"27":{"start":{"line":115,"column":4},"end":{"line":115,"column":16}},"28":{"start":{"line":119,"column":34},"end":{"line":145,"column":1}},"29":{"start":{"line":124,"column":2},"end":{"line":144,"column":3}},"30":{"start":{"line":125,"column":21},"end":{"line":125,"column":45}},"31":{"start":{"line":126,"column":4},"end":{"line":126,"column":71}},"32":{"start":{"line":126,"column":19},"end":{"line":126,"column":71}},"33":{"start":{"line":129,"column":6},"end":{"line":129,"column":52}},"34":{"start":{"line":131,"column":4},"end":{"line":136,"column":7}},"35":{"start":{"line":138,"column":4},"end":{"line":141,"column":7}},"36":{"start":{"line":143,"column":4},"end":{"line":143,"column":16}},"37":{"start":{"line":147,"column":30},"end":{"line":163,"column":1}},"38":{"start":{"line":152,"column":2},"end":{"line":162,"column":3}},"39":{"start":{"line":153,"column":4},"end":{"line":153,"column":53}},"40":{"start":{"line":155,"column":4},"end":{"line":159,"column":7}},"41":{"start":{"line":161,"column":4},"end":{"line":161,"column":16}},"42":{"start":{"line":165,"column":29},"end":{"line":181,"column":1}},"43":{"start":{"line":170,"column":2},"end":{"line":180,"column":3}},"44":{"start":{"line":171,"column":4},"end":{"line":171,"column":46}},"45":{"start":{"line":173,"column":4},"end":{"line":177,"column":7}},"46":{"start":{"line":179,"column":4},"end":{"line":179,"column":16}}},"fnMap":{"0":{"name":"(anonymous_0)","decl":{"start":{"line":10,"column":22},"end":{"line":10,"column":27}},"loc":{"start":{"line":14,"column":4},"end":{"line":40,"column":1}}},"1":{"name":"(anonymous_1)","decl":{"start":{"line":42,"column":21},"end":{"line":42,"column":26}},"loc":{"start":{"line":46,"column":4},"end":{"line":63,"column":1}}},"2":{"name":"(anonymous_2)","decl":{"start":{"line":65,"column":22},"end":{"line":65,"column":27}},"loc":{"start":{"line":69,"column":4},"end":{"line":88,"column":1}}},"3":{"name":"(anonymous_3)","decl":{"start":{"line":90,"column":21},"end":{"line":90,"column":26}},"loc":{"start":{"line":94,"column":4},"end":{"line":117,"column":1}}},"4":{"name":"(anonymous_4)","decl":{"start":{"line":119,"column":34},"end":{"line":119,"column":39}},"loc":{"start":{"line":123,"column":4},"end":{"line":145,"column":1}}},"5":{"name":"(anonymous_5)","decl":{"start":{"line":147,"column":30},"end":{"line":147,"column":35}},"loc":{"start":{"line":151,"column":4},"end":{"line":163,"column":1}}},"6":{"name":"(anonymous_6)","decl":{"start":{"line":165,"column":29},"end":{"line":165,"column":34}},"loc":{"start":{"line":169,"column":4},"end":{"line":181,"column":1}}}},"branchMap":{"0":{"loc":{"start":{"line":73,"column":4},"end":{"line":75,"column":5}},"type":"if","locations":[{"start":{"line":73,"column":4},"end":{"line":75,"column":5}},{"start":{},"end":{}}]},"1":{"loc":{"start":{"line":109,"column":4},"end":{"line":111,"column":5}},"type":"if","locations":[{"start":{"line":109,"column":4},"end":{"line":111,"column":5}},{"start":{},"end":{}}]},"2":{"loc":{"start":{"line":126,"column":4},"end":{"line":126,"column":71}},"type":"if","locations":[{"start":{"line":126,"column":4},"end":{"line":126,"column":71}},{"start":{},"end":{}}]}},"s":{"0":2,"1":2,"2":2,"3":1,"4":1,"5":1,"6":2,"7":0,"8":0,"9":0,"10":0,"11":0,"12":2,"13":0,"14":0,"15":0,"16":0,"17":0,"18":0,"19":0,"20":2,"21":0,"22":0,"23":0,"24":0,"25":0,"26":0,"27":0,"28":2,"29":0,"30":0,"31":0,"32":0,"33":0,"34":0,"35":0,"36":0,"37":2,"38":0,"39":0,"40":0,"41":0,"42":2,"43":0,"44":0,"45":0,"46":0},"f":{"0":2,"1":0,"2":0,"3":0,"4":0,"5":0,"6":0},"b":{"0":[0,0],"1":[0,0],"2":[0,0]}}
,"D:\\ROAD-TO-12\\saas-backend\\apps\\api\\src\\modules\\auth\\auth.repository.ts": {"path":"D:\\ROAD-TO-12\\saas-backend\\apps\\api\\src\\modules\\auth\\auth.repository.ts","statementMap":{"0":{"start":{"line":6,"column":4},"end":{"line":6,"column":24}},"1":{"start":{"line":10,"column":4},"end":{"line":10,"column":56}},"2":{"start":{"line":14,"column":4},"end":{"line":14,"column":53}},"3":{"start":{"line":18,"column":4},"end":{"line":27,"column":7}},"4":{"start":{"line":35,"column":4},"end":{"line":38,"column":7}},"5":{"start":{"line":42,"column":4},"end":{"line":49,"column":7}},"6":{"start":{"line":53,"column":4},"end":{"line":58,"column":7}},"7":{"start":{"line":64,"column":4},"end":{"line":66,"column":7}},"8":{"start":{"line":70,"column":4},"end":{"line":70,"column":64}},"9":{"start":{"line":74,"column":4},"end":{"line":74,"column":64}},"10":{"start":{"line":78,"column":4},"end":{"line":78,"column":65}},"11":{"start":{"line":82,"column":4},"end":{"line":85,"column":7}}},"fnMap":{"0":{"name":"(anonymous_0)","decl":{"start":{"line":5,"column":10},"end":{"line":5,"column":19}},"loc":{"start":{"line":5,"column":49},"end":{"line":7,"column":3}}},"1":{"name":"(anonymous_1)","decl":{"start":{"line":9,"column":2},"end":{"line":9,"column":7}},"loc":{"start":{"line":9,"column":33},"end":{"line":11,"column":3}}},"2":{"name":"(anonymous_2)","decl":{"start":{"line":13,"column":2},"end":{"line":13,"column":7}},"loc":{"start":{"line":13,"column":27},"end":{"line":15,"column":3}}},"3":{"name":"(anonymous_3)","decl":{"start":{"line":17,"column":2},"end":{"line":17,"column":7}},"loc":{"start":{"line":17,"column":47},"end":{"line":28,"column":3}}},"4":{"name":"(anonymous_4)","decl":{"start":{"line":30,"column":2},"end":{"line":30,"column":7}},"loc":{"start":{"line":33,"column":23},"end":{"line":39,"column":3}}},"5":{"name":"(anonymous_5)","decl":{"start":{"line":41,"column":2},"end":{"line":41,"column":7}},"loc":{"start":{"line":41,"column":55},"end":{"line":50,"column":3}}},"6":{"name":"(anonymous_6)","decl":{"start":{"line":52,"column":2},"end":{"line":52,"column":7}},"loc":{"start":{"line":52,"column":42},"end":{"line":59,"column":3}}},"7":{"name":"(anonymous_7)","decl":{"start":{"line":63,"column":2},"end":{"line":63,"column":7}},"loc":{"start":{"line":63,"column":72},"end":{"line":67,"column":3}}},"8":{"name":"(anonymous_8)","decl":{"start":{"line":69,"column":2},"end":{"line":69,"column":7}},"loc":{"start":{"line":69,"column":38},"end":{"line":71,"column":3}}},"9":{"name":"(anonymous_9)","decl":{"start":{"line":73,"column":2},"end":{"line":73,"column":7}},"loc":{"start":{"line":73,"column":40},"end":{"line":75,"column":3}}},"10":{"name":"(anonymous_10)","decl":{"start":{"line":77,"column":2},"end":{"line":77,"column":7}},"loc":{"start":{"line":77,"column":49},"end":{"line":79,"column":3}}},"11":{"name":"(anonymous_11)","decl":{"start":{"line":81,"column":2},"end":{"line":81,"column":7}},"loc":{"start":{"line":81,"column":74},"end":{"line":86,"column":3}}}},"branchMap":{"0":{"loc":{"start":{"line":6,"column":11},"end":{"line":6,"column":23}},"type":"binary-expr","locations":[{"start":{"line":6,"column":11},"end":{"line":6,"column":13}},{"start":{"line":6,"column":17},"end":{"line":6,"column":23}}]}},"s":{"0":0,"1":2,"2":0,"3":1,"4":0,"5":0,"6":0,"7":1,"8":0,"9":0,"10":0,"11":0},"f":{"0":0,"1":2,"2":0,"3":1,"4":0,"5":0,"6":0,"7":1,"8":0,"9":0,"10":0,"11":0},"b":{"0":[0,0]}}
,"D:\\ROAD-TO-12\\saas-backend\\apps\\api\\src\\modules\\auth\\auth.routes.ts": {"path":"D:\\ROAD-TO-12\\saas-backend\\apps\\api\\src\\modules\\auth\\auth.routes.ts","statementMap":{"0":{"start":{"line":13,"column":30},"end":{"line":13,"column":38}},"1":{"start":{"line":15,"column":0},"end":{"line":15,"column":70}},"2":{"start":{"line":16,"column":0},"end":{"line":16,"column":67}},"3":{"start":{"line":17,"column":0},"end":{"line":17,"column":54}},"4":{"start":{"line":18,"column":0},"end":{"line":18,"column":70}},"5":{"start":{"line":20,"column":0},"end":{"line":24,"column":2}},"6":{"start":{"line":25,"column":0},"end":{"line":29,"column":2}},"7":{"start":{"line":31,"column":0},"end":{"line":31,"column":60}}},"fnMap":{},"branchMap":{},"s":{"0":2,"1":2,"2":2,"3":2,"4":2,"5":2,"6":2,"7":2},"f":{},"b":{}}
,"D:\\ROAD-TO-12\\saas-backend\\apps\\api\\src\\modules\\auth\\auth.schema.ts": {"path":"D:\\ROAD-TO-12\\saas-backend\\apps\\api\\src\\modules\\auth\\auth.schema.ts","statementMap":{"0":{"start":{"line":3,"column":23},"end":{"line":13,"column":4}},"1":{"start":{"line":11,"column":19},"end":{"line":11,"column":37}},"2":{"start":{"line":15,"column":28},"end":{"line":22,"column":2}},"3":{"start":{"line":24,"column":27},"end":{"line":29,"column":2}},"4":{"start":{"line":31,"column":36},"end":{"line":35,"column":2}},"5":{"start":{"line":37,"column":35},"end":{"line":48,"column":2}},"6":{"start":{"line":44,"column":22},"end":{"line":44,"column":60}}},"fnMap":{"0":{"name":"(anonymous_0)","decl":{"start":{"line":11,"column":10},"end":{"line":11,"column":11}},"loc":{"start":{"line":11,"column":19},"end":{"line":11,"column":37}}},"1":{"name":"(anonymous_1)","decl":{"start":{"line":44,"column":12},"end":{"line":44,"column":13}},"loc":{"start":{"line":44,"column":22},"end":{"line":44,"column":60}}}},"branchMap":{},"s":{"0":3,"1":4,"2":3,"3":3,"4":3,"5":3,"6":0},"f":{"0":4,"1":0},"b":{}}
,"D:\\ROAD-TO-12\\saas-backend\\apps\\api\\src\\modules\\auth\\auth.service.ts": {"path":"D:\\ROAD-TO-12\\saas-backend\\apps\\api\\src\\modules\\auth\\auth.service.ts","statementMap":{"0":{"start":{"line":16,"column":12},"end":{"line":16,"column":36}},"1":{"start":{"line":17,"column":12},"end":{"line":17,"column":37}},"2":{"start":{"line":21,"column":21},"end":{"line":21,"column":64}},"3":{"start":{"line":22,"column":4},"end":{"line":27,"column":5}},"4":{"start":{"line":23,"column":6},"end":{"line":26,"column":8}},"5":{"start":{"line":29,"column":19},"end":{"line":29,"column":66}},"6":{"start":{"line":31,"column":17},"end":{"line":36,"column":6}},"7":{"start":{"line":38,"column":4},"end":{"line":38,"column":43}},"8":{"start":{"line":42,"column":17},"end":{"line":42,"column":60}},"9":{"start":{"line":43,"column":4},"end":{"line":43,"column":76}},"10":{"start":{"line":43,"column":15},"end":{"line":43,"column":76}},"11":{"start":{"line":44,"column":4},"end":{"line":46,"column":5}},"12":{"start":{"line":45,"column":6},"end":{"line":45,"column":58}},"13":{"start":{"line":48,"column":20},"end":{"line":50,"column":null}},"14":{"start":{"line":52,"column":4},"end":{"line":52,"column":79}},"15":{"start":{"line":52,"column":18},"end":{"line":52,"column":79}},"16":{"start":{"line":54,"column":4},"end":{"line":54,"column":43}},"17":{"start":{"line":58,"column":20},"end":{"line":58,"column":62}},"18":{"start":{"line":59,"column":23},"end":{"line":59,"column":69}},"19":{"start":{"line":61,"column":4},"end":{"line":64,"column":5}},"20":{"start":{"line":62,"column":6},"end":{"line":62,"column":69}},"21":{"start":{"line":63,"column":6},"end":{"line":63,"column":78}},"22":{"start":{"line":66,"column":4},"end":{"line":66,"column":53}},"23":{"start":{"line":68,"column":17},"end":{"line":68,"column":61}},"24":{"start":{"line":69,"column":4},"end":{"line":69,"column":65}},"25":{"start":{"line":69,"column":15},"end":{"line":69,"column":65}},"26":{"start":{"line":71,"column":4},"end":{"line":71,"column":43}},"27":{"start":{"line":75,"column":4},"end":{"line":75,"column":50}},"28":{"start":{"line":79,"column":17},"end":{"line":79,"column":55}},"29":{"start":{"line":80,"column":4},"end":{"line":80,"column":22}},"30":{"start":{"line":80,"column":15},"end":{"line":80,"column":22}},"31":{"start":{"line":82,"column":23},"end":{"line":82,"column":61}},"32":{"start":{"line":83,"column":19},"end":{"line":83,"column":60}},"33":{"start":{"line":85,"column":4},"end":{"line":85,"column":70}},"34":{"start":{"line":87,"column":21},"end":{"line":87,"column":85}},"35":{"start":{"line":88,"column":4},"end":{"line":93,"column":5}},"36":{"start":{"line":89,"column":19},"end":{"line":89,"column":69}},"37":{"start":{"line":90,"column":6},"end":{"line":90,"column":63}},"38":{"start":{"line":92,"column":6},"end":{"line":92,"column":68}},"39":{"start":{"line":97,"column":17},"end":{"line":97,"column":69}},"40":{"start":{"line":98,"column":4},"end":{"line":103,"column":5}},"41":{"start":{"line":99,"column":6},"end":{"line":102,"column":8}},"42":{"start":{"line":105,"column":19},"end":{"line":105,"column":66}},"43":{"start":{"line":106,"column":4},"end":{"line":106,"column":56}},"44":{"start":{"line":107,"column":4},"end":{"line":107,"column":60}},"45":{"start":{"line":111,"column":24},"end":{"line":114,"column":6}},"46":{"start":{"line":115,"column":25},"end":{"line":117,"column":6}},"47":{"start":{"line":119,"column":4},"end":{"line":123,"column":6}},"48":{"start":{"line":125,"column":4},"end":{"line":125,"column":47}},"49":{"start":{"line":129,"column":17},"end":{"line":129,"column":37}},"50":{"start":{"line":131,"column":27},"end":{"line":131,"column":62}}},"fnMap":{"0":{"name":"(anonymous_0)","decl":{"start":{"line":15,"column":2},"end":{"line":15,"column":null}},"loc":{"start":{"line":17,"column":37},"end":{"line":18,"column":6}}},"1":{"name":"(anonymous_1)","decl":{"start":{"line":20,"column":2},"end":{"line":20,"column":7}},"loc":{"start":{"line":20,"column":24},"end":{"line":39,"column":3}}},"2":{"name":"(anonymous_2)","decl":{"start":{"line":41,"column":2},"end":{"line":41,"column":7}},"loc":{"start":{"line":41,"column":23},"end":{"line":55,"column":3}}},"3":{"name":"(anonymous_3)","decl":{"start":{"line":57,"column":2},"end":{"line":57,"column":7}},"loc":{"start":{"line":57,"column":43},"end":{"line":72,"column":3}}},"4":{"name":"(anonymous_4)","decl":{"start":{"line":74,"column":2},"end":{"line":74,"column":7}},"loc":{"start":{"line":74,"column":28},"end":{"line":76,"column":3}}},"5":{"name":"(anonymous_5)","decl":{"start":{"line":78,"column":2},"end":{"line":78,"column":7}},"loc":{"start":{"line":78,"column":36},"end":{"line":94,"column":3}}},"6":{"name":"(anonymous_6)","decl":{"start":{"line":96,"column":2},"end":{"line":96,"column":7}},"loc":{"start":{"line":96,"column":31},"end":{"line":108,"column":3}}},"7":{"name":"(anonymous_7)","decl":{"start":{"line":110,"column":10},"end":{"line":110,"column":15}},"loc":{"start":{"line":110,"column":46},"end":{"line":126,"column":3}}}},"branchMap":{"0":{"loc":{"start":{"line":22,"column":4},"end":{"line":27,"column":5}},"type":"if","locations":[{"start":{"line":22,"column":4},"end":{"line":27,"column":5}},{"start":{},"end":{}}]},"1":{"loc":{"start":{"line":43,"column":4},"end":{"line":43,"column":76}},"type":"if","locations":[{"start":{"line":43,"column":4},"end":{"line":43,"column":76}},{"start":{},"end":{}}]},"2":{"loc":{"start":{"line":44,"column":4},"end":{"line":46,"column":5}},"type":"if","locations":[{"start":{"line":44,"column":4},"end":{"line":46,"column":5}},{"start":{},"end":{}}]},"3":{"loc":{"start":{"line":52,"column":4},"end":{"line":52,"column":79}},"type":"if","locations":[{"start":{"line":52,"column":4},"end":{"line":52,"column":79}},{"start":{},"end":{}}]},"4":{"loc":{"start":{"line":61,"column":4},"end":{"line":64,"column":5}},"type":"if","locations":[{"start":{"line":61,"column":4},"end":{"line":64,"column":5}},{"start":{},"end":{}}]},"5":{"loc":{"start":{"line":69,"column":4},"end":{"line":69,"column":65}},"type":"if","locations":[{"start":{"line":69,"column":4},"end":{"line":69,"column":65}},{"start":{},"end":{}}]},"6":{"loc":{"start":{"line":80,"column":4},"end":{"line":80,"column":22}},"type":"if","locations":[{"start":{"line":80,"column":4},"end":{"line":80,"column":22}},{"start":{},"end":{}}]},"7":{"loc":{"start":{"line":98,"column":4},"end":{"line":103,"column":5}},"type":"if","locations":[{"start":{"line":98,"column":4},"end":{"line":103,"column":5}},{"start":{},"end":{}}]}},"s":{"0":11,"1":11,"2":5,"3":4,"4":2,"5":2,"6":2,"7":2,"8":4,"9":4,"10":1,"11":3,"12":1,"13":2,"14":2,"15":1,"16":1,"17":0,"18":0,"19":0,"20":0,"21":0,"22":0,"23":0,"24":0,"25":0,"26":0,"27":0,"28":0,"29":0,"30":0,"31":0,"32":0,"33":0,"34":0,"35":0,"36":0,"37":0,"38":0,"39":0,"40":0,"41":0,"42":0,"43":0,"44":0,"45":2,"46":2,"47":2,"48":2,"49":4,"50":4},"f":{"0":11,"1":5,"2":4,"3":0,"4":0,"5":0,"6":0,"7":2},"b":{"0":[2,2],"1":[1,3],"2":[1,2],"3":[1,1],"4":[0,0],"5":[0,0],"6":[0,0],"7":[0,0]}}
,"D:\\ROAD-TO-12\\saas-backend\\apps\\api\\src\\modules\\health\\health.controller.ts": {"path":"D:\\ROAD-TO-12\\saas-backend\\apps\\api\\src\\modules\\health\\health.controller.ts","statementMap":{"0":{"start":{"line":4,"column":21},"end":{"line":21,"column":1}},"1":{"start":{"line":5,"column":2},"end":{"line":20,"column":3}},"2":{"start":{"line":7,"column":4},"end":{"line":7,"column":37}},"3":{"start":{"line":9,"column":4},"end":{"line":15,"column":7}},"4":{"start":{"line":17,"column":4},"end":{"line":19,"column":72}}},"fnMap":{"0":{"name":"(anonymous_0)","decl":{"start":{"line":4,"column":21},"end":{"line":4,"column":26}},"loc":{"start":{"line":4,"column":60},"end":{"line":21,"column":1}}}},"branchMap":{},"s":{"0":2,"1":1,"2":1,"3":1,"4":0},"f":{"0":1},"b":{}}
,"D:\\ROAD-TO-12\\saas-backend\\apps\\api\\src\\modules\\health\\index.ts": {"path":"D:\\ROAD-TO-12\\saas-backend\\apps\\api\\src\\modules\\health\\index.ts","statementMap":{"0":{"start":{"line":5,"column":30},"end":{"line":5,"column":38}},"1":{"start":{"line":7,"column":0},"end":{"line":7,"column":40}}},"fnMap":{},"branchMap":{},"s":{"0":2,"1":2},"f":{},"b":{}}
,"D:\\ROAD-TO-12\\saas-backend\\apps\\api\\src\\modules\\members\\member.controller.ts": {"path":"D:\\ROAD-TO-12\\saas-backend\\apps\\api\\src\\modules\\members\\member.controller.ts","statementMap":{"0":{"start":{"line":4,"column":22},"end":{"line":4,"column":41}},"1":{"start":{"line":10,"column":28},"end":{"line":21,"column":1}},"2":{"start":{"line":15,"column":2},"end":{"line":20,"column":3}},"3":{"start":{"line":16,"column":19},"end":{"line":16,"column":61}},"4":{"start":{"line":17,"column":4},"end":{"line":17,"column":58}},"5":{"start":{"line":19,"column":4},"end":{"line":19,"column":16}},"6":{"start":{"line":23,"column":29},"end":{"line":37,"column":1}},"7":{"start":{"line":28,"column":2},"end":{"line":36,"column":3}},"8":{"start":{"line":29,"column":17},"end":{"line":29,"column":44}},"9":{"start":{"line":30,"column":18},"end":{"line":30,"column":47}},"10":{"start":{"line":32,"column":19},"end":{"line":32,"column":63}},"11":{"start":{"line":33,"column":4},"end":{"line":33,"column":58}},"12":{"start":{"line":35,"column":4},"end":{"line":35,"column":16}},"13":{"start":{"line":39,"column":29},"end":{"line":50,"column":1}},"14":{"start":{"line":44,"column":2},"end":{"line":49,"column":3}},"15":{"start":{"line":45,"column":19},"end":{"line":45,"column":63}},"16":{"start":{"line":46,"column":4},"end":{"line":46,"column":58}},"17":{"start":{"line":48,"column":4},"end":{"line":48,"column":16}},"18":{"start":{"line":52,"column":28},"end":{"line":63,"column":1}},"19":{"start":{"line":57,"column":2},"end":{"line":62,"column":3}},"20":{"start":{"line":58,"column":17},"end":{"line":58,"column":74}},"21":{"start":{"line":59,"column":4},"end":{"line":59,"column":50}},"22":{"start":{"line":61,"column":4},"end":{"line":61,"column":16}},"23":{"start":{"line":65,"column":28},"end":{"line":79,"column":1}},"24":{"start":{"line":70,"column":2},"end":{"line":78,"column":3}},"25":{"start":{"line":71,"column":4},"end":{"line":71,"column":52}},"26":{"start":{"line":72,"column":4},"end":{"line":75,"column":7}},"27":{"start":{"line":77,"column":4},"end":{"line":77,"column":16}},"28":{"start":{"line":81,"column":32},"end":{"line":95,"column":1}},"29":{"start":{"line":86,"column":2},"end":{"line":94,"column":3}},"30":{"start":{"line":87,"column":20},"end":{"line":87,"column":71}},"31":{"start":{"line":88,"column":4},"end":{"line":91,"column":7}},"32":{"start":{"line":93,"column":4},"end":{"line":93,"column":16}}},"fnMap":{"0":{"name":"(anonymous_0)","decl":{"start":{"line":10,"column":28},"end":{"line":10,"column":33}},"loc":{"start":{"line":14,"column":4},"end":{"line":21,"column":1}}},"1":{"name":"(anonymous_1)","decl":{"start":{"line":23,"column":29},"end":{"line":23,"column":34}},"loc":{"start":{"line":27,"column":4},"end":{"line":37,"column":1}}},"2":{"name":"(anonymous_2)","decl":{"start":{"line":39,"column":29},"end":{"line":39,"column":34}},"loc":{"start":{"line":43,"column":4},"end":{"line":50,"column":1}}},"3":{"name":"(anonymous_3)","decl":{"start":{"line":52,"column":28},"end":{"line":52,"column":33}},"loc":{"start":{"line":56,"column":4},"end":{"line":63,"column":1}}},"4":{"name":"(anonymous_4)","decl":{"start":{"line":65,"column":28},"end":{"line":65,"column":33}},"loc":{"start":{"line":69,"column":4},"end":{"line":79,"column":1}}},"5":{"name":"(anonymous_5)","decl":{"start":{"line":81,"column":32},"end":{"line":81,"column":37}},"loc":{"start":{"line":85,"column":4},"end":{"line":95,"column":1}}}},"branchMap":{"0":{"loc":{"start":{"line":29,"column":17},"end":{"line":29,"column":44}},"type":"binary-expr","locations":[{"start":{"line":29,"column":17},"end":{"line":29,"column":39}},{"start":{"line":29,"column":43},"end":{"line":29,"column":44}}]},"1":{"loc":{"start":{"line":30,"column":18},"end":{"line":30,"column":47}},"type":"binary-expr","locations":[{"start":{"line":30,"column":18},"end":{"line":30,"column":41}},{"start":{"line":30,"column":45},"end":{"line":30,"column":47}}]}},"s":{"0":2,"1":2,"2":0,"3":0,"4":0,"5":0,"6":2,"7":0,"8":0,"9":0,"10":0,"11":0,"12":0,"13":2,"14":0,"15":0,"16":0,"17":0,"18":2,"19":0,"20":0,"21":0,"22":0,"23":2,"24":0,"25":0,"26":0,"27":0,"28":2,"29":0,"30":0,"31":0,"32":0},"f":{"0":0,"1":0,"2":0,"3":0,"4":0,"5":0},"b":{"0":[0,0],"1":[0,0]}}
,"D:\\ROAD-TO-12\\saas-backend\\apps\\api\\src\\modules\\members\\member.repository.ts": {"path":"D:\\ROAD-TO-12\\saas-backend\\apps\\api\\src\\modules\\members\\member.repository.ts","statementMap":{"0":{"start":{"line":6,"column":4},"end":{"line":16,"column":7}},"1":{"start":{"line":20,"column":4},"end":{"line":30,"column":7}},"2":{"start":{"line":34,"column":4},"end":{"line":42,"column":7}},"3":{"start":{"line":46,"column":4},"end":{"line":58,"column":7}},"4":{"start":{"line":62,"column":4},"end":{"line":65,"column":7}},"5":{"start":{"line":69,"column":4},"end":{"line":77,"column":7}}},"fnMap":{"0":{"name":"(anonymous_0)","decl":{"start":{"line":5,"column":2},"end":{"line":5,"column":7}},"loc":{"start":{"line":5,"column":45},"end":{"line":17,"column":3}}},"1":{"name":"(anonymous_1)","decl":{"start":{"line":19,"column":2},"end":{"line":19,"column":7}},"loc":{"start":{"line":19,"column":61},"end":{"line":31,"column":3}}},"2":{"name":"(anonymous_2)","decl":{"start":{"line":33,"column":2},"end":{"line":33,"column":7}},"loc":{"start":{"line":33,"column":27},"end":{"line":43,"column":3}}},"3":{"name":"(anonymous_3)","decl":{"start":{"line":45,"column":2},"end":{"line":45,"column":7}},"loc":{"start":{"line":45,"column":66},"end":{"line":59,"column":3}}},"4":{"name":"(anonymous_4)","decl":{"start":{"line":61,"column":2},"end":{"line":61,"column":7}},"loc":{"start":{"line":61,"column":29},"end":{"line":66,"column":3}}},"5":{"name":"(anonymous_5)","decl":{"start":{"line":68,"column":2},"end":{"line":68,"column":7}},"loc":{"start":{"line":68,"column":45},"end":{"line":78,"column":3}}}},"branchMap":{"0":{"loc":{"start":{"line":9,"column":21},"end":{"line":9,"column":73}},"type":"cond-expr","locations":[{"start":{"line":9,"column":40},"end":{"line":9,"column":66}},{"start":{"line":9,"column":69},"end":{"line":9,"column":73}}]},"1":{"loc":{"start":{"line":19,"column":45},"end":{"line":19,"column":61}},"type":"default-arg","locations":[{"start":{"line":19,"column":59},"end":{"line":19,"column":61}}]}},"s":{"0":0,"1":0,"2":0,"3":0,"4":0,"5":0},"f":{"0":0,"1":0,"2":0,"3":0,"4":0,"5":0},"b":{"0":[0,0],"1":[0]}}
,"D:\\ROAD-TO-12\\saas-backend\\apps\\api\\src\\modules\\members\\member.routes.ts": {"path":"D:\\ROAD-TO-12\\saas-backend\\apps\\api\\src\\modules\\members\\member.routes.ts","statementMap":{"0":{"start":{"line":12,"column":30},"end":{"line":12,"column":38}},"1":{"start":{"line":13,"column":0},"end":{"line":13,"column":25}},"2":{"start":{"line":15,"column":0},"end":{"line":20,"column":2}},"3":{"start":{"line":21,"column":0},"end":{"line":25,"column":2}},"4":{"start":{"line":26,"column":0},"end":{"line":26,"column":77}},"5":{"start":{"line":27,"column":0},"end":{"line":32,"column":2}},"6":{"start":{"line":33,"column":0},"end":{"line":38,"column":2}},"7":{"start":{"line":39,"column":0},"end":{"line":43,"column":2}}},"fnMap":{},"branchMap":{},"s":{"0":2,"1":2,"2":2,"3":2,"4":2,"5":2,"6":2,"7":2},"f":{},"b":{}}
,"D:\\ROAD-TO-12\\saas-backend\\apps\\api\\src\\modules\\members\\member.schema.ts": {"path":"D:\\ROAD-TO-12\\saas-backend\\apps\\api\\src\\modules\\members\\member.schema.ts","statementMap":{"0":{"start":{"line":3,"column":25},"end":{"line":13,"column":2}},"1":{"start":{"line":15,"column":34},"end":{"line":15,"column":70}},"2":{"start":{"line":17,"column":34},"end":{"line":20,"column":2}},"3":{"start":{"line":22,"column":30},"end":{"line":24,"column":2}}},"fnMap":{},"branchMap":{},"s":{"0":2,"1":2,"2":2,"3":2},"f":{},"b":{}}
,"D:\\ROAD-TO-12\\saas-backend\\apps\\api\\src\\modules\\members\\member.service.ts": {"path":"D:\\ROAD-TO-12\\saas-backend\\apps\\api\\src\\modules\\members\\member.service.ts","statementMap":{"0":{"start":{"line":11,"column":19},"end":{"line":11,"column":41}},"1":{"start":{"line":12,"column":20},"end":{"line":12,"column":43}},"2":{"start":{"line":16,"column":21},"end":{"line":18,"column":6}},"3":{"start":{"line":19,"column":4},"end":{"line":23,"column":8}},"4":{"start":{"line":20,"column":6},"end":{"line":23,"column":8}},"5":{"start":{"line":25,"column":4},"end":{"line":32,"column":5}},"6":{"start":{"line":26,"column":22},"end":{"line":26,"column":72}},"7":{"start":{"line":27,"column":6},"end":{"line":31,"column":10}},"8":{"start":{"line":28,"column":8},"end":{"line":31,"column":10}},"9":{"start":{"line":34,"column":4},"end":{"line":34,"column":35}},"10":{"start":{"line":38,"column":17},"end":{"line":38,"column":35}},"11":{"start":{"line":39,"column":29},"end":{"line":42,"column":6}},"12":{"start":{"line":44,"column":4},"end":{"line":47,"column":6}},"13":{"start":{"line":51,"column":19},"end":{"line":51,"column":48}},"14":{"start":{"line":52,"column":4},"end":{"line":56,"column":8}},"15":{"start":{"line":53,"column":6},"end":{"line":56,"column":8}},"16":{"start":{"line":57,"column":4},"end":{"line":57,"column":18}},"17":{"start":{"line":61,"column":19},"end":{"line":61,"column":48}},"18":{"start":{"line":62,"column":4},"end":{"line":63,"column":75}},"19":{"start":{"line":63,"column":6},"end":{"line":63,"column":75}},"20":{"start":{"line":65,"column":4},"end":{"line":72,"column":5}},"21":{"start":{"line":66,"column":22},"end":{"line":66,"column":72}},"22":{"start":{"line":67,"column":6},"end":{"line":71,"column":10}},"23":{"start":{"line":68,"column":8},"end":{"line":71,"column":10}},"24":{"start":{"line":74,"column":23},"end":{"line":77,"column":6}},"25":{"start":{"line":79,"column":4},"end":{"line":79,"column":45}},"26":{"start":{"line":83,"column":19},"end":{"line":83,"column":48}},"27":{"start":{"line":84,"column":4},"end":{"line":85,"column":75}},"28":{"start":{"line":85,"column":6},"end":{"line":85,"column":75}},"29":{"start":{"line":87,"column":4},"end":{"line":87,"column":37}},"30":{"start":{"line":91,"column":19},"end":{"line":91,"column":48}},"31":{"start":{"line":92,"column":4},"end":{"line":93,"column":75}},"32":{"start":{"line":93,"column":6},"end":{"line":93,"column":75}},"33":{"start":{"line":95,"column":4},"end":{"line":95,"column":47}}},"fnMap":{"0":{"name":"(anonymous_0)","decl":{"start":{"line":15,"column":2},"end":{"line":15,"column":7}},"loc":{"start":{"line":15,"column":30},"end":{"line":35,"column":3}}},"1":{"name":"(anonymous_1)","decl":{"start":{"line":37,"column":2},"end":{"line":37,"column":7}},"loc":{"start":{"line":37,"column":47},"end":{"line":48,"column":3}}},"2":{"name":"(anonymous_2)","decl":{"start":{"line":50,"column":2},"end":{"line":50,"column":7}},"loc":{"start":{"line":50,"column":28},"end":{"line":58,"column":3}}},"3":{"name":"(anonymous_3)","decl":{"start":{"line":60,"column":2},"end":{"line":60,"column":7}},"loc":{"start":{"line":60,"column":42},"end":{"line":80,"column":3}}},"4":{"name":"(anonymous_4)","decl":{"start":{"line":82,"column":2},"end":{"line":82,"column":7}},"loc":{"start":{"line":82,"column":31},"end":{"line":88,"column":3}}},"5":{"name":"(anonymous_5)","decl":{"start":{"line":90,"column":2},"end":{"line":90,"column":7}},"loc":{"start":{"line":90,"column":35},"end":{"line":96,"column":3}}}},"branchMap":{"0":{"loc":{"start":{"line":19,"column":4},"end":{"line":23,"column":8}},"type":"if","locations":[{"start":{"line":19,"column":4},"end":{"line":23,"column":8}},{"start":{},"end":{}}]},"1":{"loc":{"start":{"line":25,"column":4},"end":{"line":32,"column":5}},"type":"if","locations":[{"start":{"line":25,"column":4},"end":{"line":32,"column":5}},{"start":{},"end":{}}]},"2":{"loc":{"start":{"line":27,"column":6},"end":{"line":31,"column":10}},"type":"if","locations":[{"start":{"line":27,"column":6},"end":{"line":31,"column":10}},{"start":{},"end":{}}]},"3":{"loc":{"start":{"line":52,"column":4},"end":{"line":56,"column":8}},"type":"if","locations":[{"start":{"line":52,"column":4},"end":{"line":56,"column":8}},{"start":{},"end":{}}]},"4":{"loc":{"start":{"line":62,"column":4},"end":{"line":63,"column":75}},"type":"if","locations":[{"start":{"line":62,"column":4},"end":{"line":63,"column":75}},{"start":{},"end":{}}]},"5":{"loc":{"start":{"line":65,"column":4},"end":{"line":72,"column":5}},"type":"if","locations":[{"start":{"line":65,"column":4},"end":{"line":72,"column":5}},{"start":{},"end":{}}]},"6":{"loc":{"start":{"line":67,"column":6},"end":{"line":71,"column":10}},"type":"if","locations":[{"start":{"line":67,"column":6},"end":{"line":71,"column":10}},{"start":{},"end":{}}]},"7":{"loc":{"start":{"line":76,"column":19},"end":{"line":76,"column":76}},"type":"cond-expr","locations":[{"start":{"line":76,"column":38},"end":{"line":76,"column":64}},{"start":{"line":76,"column":67},"end":{"line":76,"column":76}}]},"8":{"loc":{"start":{"line":84,"column":4},"end":{"line":85,"column":75}},"type":"if","locations":[{"start":{"line":84,"column":4},"end":{"line":85,"column":75}},{"start":{},"end":{}}]},"9":{"loc":{"start":{"line":92,"column":4},"end":{"line":93,"column":75}},"type":"if","locations":[{"start":{"line":92,"column":4},"end":{"line":93,"column":75}},{"start":{},"end":{}}]}},"s":{"0":2,"1":2,"2":0,"3":0,"4":0,"5":0,"6":0,"7":0,"8":0,"9":0,"10":0,"11":0,"12":0,"13":0,"14":0,"15":0,"16":0,"17":0,"18":0,"19":0,"20":0,"21":0,"22":0,"23":0,"24":0,"25":0,"26":0,"27":0,"28":0,"29":0,"30":0,"31":0,"32":0,"33":0},"f":{"0":0,"1":0,"2":0,"3":0,"4":0,"5":0},"b":{"0":[0,0],"1":[0,0],"2":[0,0],"3":[0,0],"4":[0,0],"5":[0,0],"6":[0,0],"7":[0,0],"8":[0,0],"9":[0,0]}}
,"D:\\ROAD-TO-12\\saas-backend\\apps\\api\\src\\modules\\trainers\\trainer.controller.ts": {"path":"D:\\ROAD-TO-12\\saas-backend\\apps\\api\\src\\modules\\trainers\\trainer.controller.ts","statementMap":{"0":{"start":{"line":4,"column":23},"end":{"line":4,"column":43}},"1":{"start":{"line":10,"column":29},"end":{"line":21,"column":1}},"2":{"start":{"line":15,"column":2},"end":{"line":20,"column":3}},"3":{"start":{"line":16,"column":20},"end":{"line":16,"column":66}},"4":{"start":{"line":17,"column":4},"end":{"line":17,"column":59}},"5":{"start":{"line":19,"column":4},"end":{"line":19,"column":16}},"6":{"start":{"line":23,"column":28},"end":{"line":36,"column":1}},"7":{"start":{"line":28,"column":2},"end":{"line":35,"column":3}},"8":{"start":{"line":29,"column":17},"end":{"line":29,"column":44}},"9":{"start":{"line":30,"column":18},"end":{"line":30,"column":47}},"10":{"start":{"line":31,"column":19},"end":{"line":31,"column":64}},"11":{"start":{"line":32,"column":4},"end":{"line":32,"column":55}},"12":{"start":{"line":34,"column":4},"end":{"line":34,"column":16}},"13":{"start":{"line":38,"column":26},"end":{"line":49,"column":1}},"14":{"start":{"line":43,"column":2},"end":{"line":48,"column":3}},"15":{"start":{"line":44,"column":20},"end":{"line":44,"column":73}},"16":{"start":{"line":45,"column":4},"end":{"line":45,"column":59}},"17":{"start":{"line":47,"column":4},"end":{"line":47,"column":16}},"18":{"start":{"line":51,"column":29},"end":{"line":62,"column":1}},"19":{"start":{"line":56,"column":2},"end":{"line":61,"column":3}},"20":{"start":{"line":57,"column":17},"end":{"line":57,"column":76}},"21":{"start":{"line":58,"column":4},"end":{"line":58,"column":50}},"22":{"start":{"line":60,"column":4},"end":{"line":60,"column":16}},"23":{"start":{"line":64,"column":29},"end":{"line":78,"column":1}},"24":{"start":{"line":69,"column":2},"end":{"line":77,"column":3}},"25":{"start":{"line":70,"column":4},"end":{"line":70,"column":54}},"26":{"start":{"line":71,"column":4},"end":{"line":74,"column":7}},"27":{"start":{"line":76,"column":4},"end":{"line":76,"column":16}},"28":{"start":{"line":80,"column":33},"end":{"line":91,"column":1}},"29":{"start":{"line":85,"column":2},"end":{"line":90,"column":3}},"30":{"start":{"line":86,"column":20},"end":{"line":86,"column":73}},"31":{"start":{"line":87,"column":4},"end":{"line":87,"column":59}},"32":{"start":{"line":89,"column":4},"end":{"line":89,"column":16}}},"fnMap":{"0":{"name":"(anonymous_0)","decl":{"start":{"line":10,"column":29},"end":{"line":10,"column":34}},"loc":{"start":{"line":14,"column":4},"end":{"line":21,"column":1}}},"1":{"name":"(anonymous_1)","decl":{"start":{"line":23,"column":28},"end":{"line":23,"column":33}},"loc":{"start":{"line":27,"column":4},"end":{"line":36,"column":1}}},"2":{"name":"(anonymous_2)","decl":{"start":{"line":38,"column":26},"end":{"line":38,"column":31}},"loc":{"start":{"line":42,"column":4},"end":{"line":49,"column":1}}},"3":{"name":"(anonymous_3)","decl":{"start":{"line":51,"column":29},"end":{"line":51,"column":34}},"loc":{"start":{"line":55,"column":4},"end":{"line":62,"column":1}}},"4":{"name":"(anonymous_4)","decl":{"start":{"line":64,"column":29},"end":{"line":64,"column":34}},"loc":{"start":{"line":68,"column":4},"end":{"line":78,"column":1}}},"5":{"name":"(anonymous_5)","decl":{"start":{"line":80,"column":33},"end":{"line":80,"column":38}},"loc":{"start":{"line":84,"column":4},"end":{"line":91,"column":1}}}},"branchMap":{"0":{"loc":{"start":{"line":29,"column":17},"end":{"line":29,"column":44}},"type":"binary-expr","locations":[{"start":{"line":29,"column":17},"end":{"line":29,"column":39}},{"start":{"line":29,"column":43},"end":{"line":29,"column":44}}]},"1":{"loc":{"start":{"line":30,"column":18},"end":{"line":30,"column":47}},"type":"binary-expr","locations":[{"start":{"line":30,"column":18},"end":{"line":30,"column":41}},{"start":{"line":30,"column":45},"end":{"line":30,"column":47}}]}},"s":{"0":2,"1":2,"2":0,"3":0,"4":0,"5":0,"6":2,"7":0,"8":0,"9":0,"10":0,"11":0,"12":0,"13":2,"14":0,"15":0,"16":0,"17":0,"18":2,"19":0,"20":0,"21":0,"22":0,"23":2,"24":0,"25":0,"26":0,"27":0,"28":2,"29":0,"30":0,"31":0,"32":0},"f":{"0":0,"1":0,"2":0,"3":0,"4":0,"5":0},"b":{"0":[0,0],"1":[0,0]}}
,"D:\\ROAD-TO-12\\saas-backend\\apps\\api\\src\\modules\\trainers\\trainer.repository.ts": {"path":"D:\\ROAD-TO-12\\saas-backend\\apps\\api\\src\\modules\\trainers\\trainer.repository.ts","statementMap":{"0":{"start":{"line":6,"column":4},"end":{"line":6,"column":24}},"1":{"start":{"line":10,"column":4},"end":{"line":15,"column":7}},"2":{"start":{"line":19,"column":4},"end":{"line":19,"column":60}},"3":{"start":{"line":23,"column":4},"end":{"line":33,"column":7}},"4":{"start":{"line":40,"column":4},"end":{"line":58,"column":7}},"5":{"start":{"line":62,"column":4},"end":{"line":62,"column":58}},"6":{"start":{"line":66,"column":4},"end":{"line":66,"column":52}},"7":{"start":{"line":70,"column":4},"end":{"line":74,"column":7}},"8":{"start":{"line":78,"column":4},"end":{"line":87,"column":7}}},"fnMap":{"0":{"name":"(anonymous_0)","decl":{"start":{"line":5,"column":10},"end":{"line":5,"column":19}},"loc":{"start":{"line":5,"column":49},"end":{"line":7,"column":3}}},"1":{"name":"(anonymous_1)","decl":{"start":{"line":9,"column":2},"end":{"line":9,"column":7}},"loc":{"start":{"line":9,"column":27},"end":{"line":16,"column":3}}},"2":{"name":"(anonymous_2)","decl":{"start":{"line":18,"column":2},"end":{"line":18,"column":7}},"loc":{"start":{"line":18,"column":35},"end":{"line":20,"column":3}}},"3":{"name":"(anonymous_3)","decl":{"start":{"line":22,"column":2},"end":{"line":22,"column":7}},"loc":{"start":{"line":22,"column":42},"end":{"line":34,"column":3}}},"4":{"name":"(anonymous_4)","decl":{"start":{"line":36,"column":2},"end":{"line":36,"column":7}},"loc":{"start":{"line":38,"column":33},"end":{"line":59,"column":3}}},"5":{"name":"(anonymous_5)","decl":{"start":{"line":61,"column":2},"end":{"line":61,"column":7}},"loc":{"start":{"line":61,"column":65},"end":{"line":63,"column":3}}},"6":{"name":"(anonymous_6)","decl":{"start":{"line":65,"column":2},"end":{"line":65,"column":7}},"loc":{"start":{"line":65,"column":25},"end":{"line":67,"column":3}}},"7":{"name":"(anonymous_7)","decl":{"start":{"line":69,"column":2},"end":{"line":69,"column":7}},"loc":{"start":{"line":69,"column":36},"end":{"line":75,"column":3}}},"8":{"name":"(anonymous_8)","decl":{"start":{"line":77,"column":2},"end":{"line":77,"column":7}},"loc":{"start":{"line":77,"column":37},"end":{"line":88,"column":3}}}},"branchMap":{"0":{"loc":{"start":{"line":6,"column":11},"end":{"line":6,"column":23}},"type":"binary-expr","locations":[{"start":{"line":6,"column":11},"end":{"line":6,"column":13}},{"start":{"line":6,"column":17},"end":{"line":6,"column":23}}]}},"s":{"0":0,"1":0,"2":0,"3":0,"4":0,"5":0,"6":0,"7":0,"8":0},"f":{"0":0,"1":0,"2":0,"3":0,"4":0,"5":0,"6":0,"7":0,"8":0},"b":{"0":[0,0]}}
,"D:\\ROAD-TO-12\\saas-backend\\apps\\api\\src\\modules\\trainers\\trainer.routes.ts": {"path":"D:\\ROAD-TO-12\\saas-backend\\apps\\api\\src\\modules\\trainers\\trainer.routes.ts","statementMap":{"0":{"start":{"line":12,"column":30},"end":{"line":12,"column":38}},"1":{"start":{"line":14,"column":0},"end":{"line":14,"column":25}},"2":{"start":{"line":16,"column":0},"end":{"line":21,"column":2}},"3":{"start":{"line":23,"column":0},"end":{"line":27,"column":2}},"4":{"start":{"line":29,"column":0},"end":{"line":29,"column":79}},"5":{"start":{"line":31,"column":0},"end":{"line":36,"column":2}},"6":{"start":{"line":38,"column":0},"end":{"line":43,"column":2}},"7":{"start":{"line":45,"column":0},"end":{"line":50,"column":2}}},"fnMap":{},"branchMap":{},"s":{"0":2,"1":2,"2":2,"3":2,"4":2,"5":2,"6":2,"7":2},"f":{},"b":{}}
,"D:\\ROAD-TO-12\\saas-backend\\apps\\api\\src\\modules\\trainers\\trainer.schema.ts": {"path":"D:\\ROAD-TO-12\\saas-backend\\apps\\api\\src\\modules\\trainers\\trainer.schema.ts","statementMap":{"0":{"start":{"line":3,"column":32},"end":{"line":7,"column":2}},"1":{"start":{"line":9,"column":32},"end":{"line":11,"column":12}},"2":{"start":{"line":13,"column":35},"end":{"line":15,"column":2}},"3":{"start":{"line":17,"column":35},"end":{"line":20,"column":2}},"4":{"start":{"line":22,"column":34},"end":{"line":24,"column":2}}},"fnMap":{},"branchMap":{},"s":{"0":2,"1":2,"2":2,"3":2,"4":2},"f":{},"b":{}}
,"D:\\ROAD-TO-12\\saas-backend\\apps\\api\\src\\modules\\trainers\\trainer.service.ts": {"path":"D:\\ROAD-TO-12\\saas-backend\\apps\\api\\src\\modules\\trainers\\trainer.service.ts","statementMap":{"0":{"start":{"line":11,"column":20},"end":{"line":11,"column":43}},"1":{"start":{"line":12,"column":17},"end":{"line":12,"column":37}},"2":{"start":{"line":20,"column":17},"end":{"line":20,"column":53}},"3":{"start":{"line":21,"column":4},"end":{"line":22,"column":78}},"4":{"start":{"line":22,"column":6},"end":{"line":22,"column":78}},"5":{"start":{"line":24,"column":21},"end":{"line":24,"column":64}},"6":{"start":{"line":25,"column":4},"end":{"line":25,"column":77}},"7":{"start":{"line":25,"column":18},"end":{"line":25,"column":77}},"8":{"start":{"line":27,"column":4},"end":{"line":40,"column":7}},"9":{"start":{"line":28,"column":6},"end":{"line":28,"column":56}},"10":{"start":{"line":31,"column":53},"end":{"line":37,"column":8}},"11":{"start":{"line":39,"column":6},"end":{"line":39,"column":62}},"12":{"start":{"line":44,"column":17},"end":{"line":44,"column":35}},"13":{"start":{"line":45,"column":21},"end":{"line":45,"column":59}},"14":{"start":{"line":46,"column":18},"end":{"line":46,"column":46}},"15":{"start":{"line":47,"column":4},"end":{"line":47,"column":54}},"16":{"start":{"line":51,"column":20},"end":{"line":51,"column":50}},"17":{"start":{"line":52,"column":4},"end":{"line":56,"column":8}},"18":{"start":{"line":53,"column":6},"end":{"line":56,"column":8}},"19":{"start":{"line":57,"column":4},"end":{"line":57,"column":19}},"20":{"start":{"line":61,"column":20},"end":{"line":61,"column":50}},"21":{"start":{"line":62,"column":4},"end":{"line":63,"column":76}},"22":{"start":{"line":63,"column":6},"end":{"line":63,"column":76}},"23":{"start":{"line":64,"column":4},"end":{"line":64,"column":40}},"24":{"start":{"line":67,"column":20},"end":{"line":67,"column":50}},"25":{"start":{"line":68,"column":4},"end":{"line":69,"column":76}},"26":{"start":{"line":69,"column":6},"end":{"line":69,"column":76}},"27":{"start":{"line":71,"column":4},"end":{"line":76,"column":7}},"28":{"start":{"line":73,"column":6},"end":{"line":73,"column":61}},"29":{"start":{"line":75,"column":6},"end":{"line":75,"column":36}},"30":{"start":{"line":80,"column":20},"end":{"line":80,"column":50}},"31":{"start":{"line":81,"column":4},"end":{"line":82,"column":76}},"32":{"start":{"line":82,"column":6},"end":{"line":82,"column":76}},"33":{"start":{"line":83,"column":4},"end":{"line":83,"column":39}}},"fnMap":{"0":{"name":"(anonymous_0)","decl":{"start":{"line":15,"column":2},"end":{"line":15,"column":7}},"loc":{"start":{"line":19,"column":3},"end":{"line":41,"column":3}}},"1":{"name":"(anonymous_1)","decl":{"start":{"line":27,"column":37},"end":{"line":27,"column":42}},"loc":{"start":{"line":27,"column":50},"end":{"line":40,"column":5}}},"2":{"name":"(anonymous_2)","decl":{"start":{"line":43,"column":2},"end":{"line":43,"column":7}},"loc":{"start":{"line":43,"column":47},"end":{"line":48,"column":3}}},"3":{"name":"(anonymous_3)","decl":{"start":{"line":50,"column":2},"end":{"line":50,"column":7}},"loc":{"start":{"line":50,"column":36},"end":{"line":58,"column":3}}},"4":{"name":"(anonymous_4)","decl":{"start":{"line":60,"column":2},"end":{"line":60,"column":7}},"loc":{"start":{"line":60,"column":43},"end":{"line":65,"column":3}}},"5":{"name":"(anonymous_5)","decl":{"start":{"line":66,"column":2},"end":{"line":66,"column":7}},"loc":{"start":{"line":66,"column":32},"end":{"line":77,"column":3}}},"6":{"name":"(anonymous_6)","decl":{"start":{"line":71,"column":37},"end":{"line":71,"column":42}},"loc":{"start":{"line":71,"column":50},"end":{"line":76,"column":5}}},"7":{"name":"(anonymous_7)","decl":{"start":{"line":79,"column":2},"end":{"line":79,"column":7}},"loc":{"start":{"line":79,"column":36},"end":{"line":84,"column":3}}}},"branchMap":{"0":{"loc":{"start":{"line":21,"column":4},"end":{"line":22,"column":78}},"type":"if","locations":[{"start":{"line":21,"column":4},"end":{"line":22,"column":78}},{"start":{},"end":{}}]},"1":{"loc":{"start":{"line":25,"column":4},"end":{"line":25,"column":77}},"type":"if","locations":[{"start":{"line":25,"column":4},"end":{"line":25,"column":77}},{"start":{},"end":{}}]},"2":{"loc":{"start":{"line":32,"column":24},"end":{"line":32,"column":51}},"type":"binary-expr","locations":[{"start":{"line":32,"column":24},"end":{"line":32,"column":43}},{"start":{"line":32,"column":47},"end":{"line":32,"column":51}}]},"3":{"loc":{"start":{"line":33,"column":13},"end":{"line":33,"column":29}},"type":"binary-expr","locations":[{"start":{"line":33,"column":13},"end":{"line":33,"column":21}},{"start":{"line":33,"column":25},"end":{"line":33,"column":29}}]},"4":{"loc":{"start":{"line":52,"column":4},"end":{"line":56,"column":8}},"type":"if","locations":[{"start":{"line":52,"column":4},"end":{"line":56,"column":8}},{"start":{},"end":{}}]},"5":{"loc":{"start":{"line":62,"column":4},"end":{"line":63,"column":76}},"type":"if","locations":[{"start":{"line":62,"column":4},"end":{"line":63,"column":76}},{"start":{},"end":{}}]},"6":{"loc":{"start":{"line":68,"column":4},"end":{"line":69,"column":76}},"type":"if","locations":[{"start":{"line":68,"column":4},"end":{"line":69,"column":76}},{"start":{},"end":{}}]},"7":{"loc":{"start":{"line":81,"column":4},"end":{"line":82,"column":76}},"type":"if","locations":[{"start":{"line":81,"column":4},"end":{"line":82,"column":76}},{"start":{},"end":{}}]}},"s":{"0":2,"1":2,"2":0,"3":0,"4":0,"5":0,"6":0,"7":0,"8":0,"9":0,"10":0,"11":0,"12":0,"13":0,"14":0,"15":0,"16":0,"17":0,"18":0,"19":0,"20":0,"21":0,"22":0,"23":0,"24":0,"25":0,"26":0,"27":0,"28":0,"29":0,"30":0,"31":0,"32":0,"33":0},"f":{"0":0,"1":0,"2":0,"3":0,"4":0,"5":0,"6":0,"7":0},"b":{"0":[0,0],"1":[0,0],"2":[0,0],"3":[0,0],"4":[0,0],"5":[0,0],"6":[0,0],"7":[0,0]}}
,"D:\\ROAD-TO-12\\saas-backend\\apps\\api\\src\\routes\\v1\\index.ts": {"path":"D:\\ROAD-TO-12\\saas-backend\\apps\\api\\src\\routes\\v1\\index.ts","statementMap":{"0":{"start":{"line":11,"column":30},"end":{"line":11,"column":38}},"1":{"start":{"line":13,"column":0},"end":{"line":13,"column":32}},"2":{"start":{"line":14,"column":0},"end":{"line":14,"column":36}},"3":{"start":{"line":15,"column":0},"end":{"line":20,"column":2}},"4":{"start":{"line":21,"column":0},"end":{"line":21,"column":39}},"5":{"start":{"line":22,"column":0},"end":{"line":22,"column":44}}},"fnMap":{},"branchMap":{},"s":{"0":2,"1":2,"2":2,"3":2,"4":2,"5":2},"f":{},"b":{}}
,"D:\\ROAD-TO-12\\saas-backend\\apps\\api\\src\\utils\\date.util.ts": {"path":"D:\\ROAD-TO-12\\saas-backend\\apps\\api\\src\\utils\\date.util.ts","statementMap":{"0":{"start":{"line":2,"column":2},"end":{"line":2,"column":25}},"1":{"start":{"line":2,"column":13},"end":{"line":2,"column":25}},"2":{"start":{"line":4,"column":12},"end":{"line":4,"column":26}},"3":{"start":{"line":6,"column":2},"end":{"line":14,"column":15}}},"fnMap":{"0":{"name":"convertUTCToIST","decl":{"start":{"line":1,"column":16},"end":{"line":1,"column":31}},"loc":{"start":{"line":1,"column":58},"end":{"line":15,"column":1}}}},"branchMap":{"0":{"loc":{"start":{"line":2,"column":2},"end":{"line":2,"column":25}},"type":"if","locations":[{"start":{"line":2,"column":2},"end":{"line":2,"column":25}},{"start":{},"end":{}}]}},"s":{"0":0,"1":0,"2":0,"3":0},"f":{"0":0},"b":{"0":[0,0]}}
,"D:\\ROAD-TO-12\\saas-backend\\apps\\api\\src\\utils\\mail.ts": {"path":"D:\\ROAD-TO-12\\saas-backend\\apps\\api\\src\\utils\\mail.ts","statementMap":{"0":{"start":{"line":3,"column":20},"end":{"line":11,"column":2}},"1":{"start":{"line":13,"column":25},"end":{"line":20,"column":1}},"2":{"start":{"line":14,"column":2},"end":{"line":19,"column":5}}},"fnMap":{"0":{"name":"(anonymous_0)","decl":{"start":{"line":13,"column":25},"end":{"line":13,"column":30}},"loc":{"start":{"line":13,"column":77},"end":{"line":20,"column":1}}}},"branchMap":{},"s":{"0":4,"1":4,"2":0},"f":{"0":0},"b":{}}
,"D:\\ROAD-TO-12\\saas-backend\\apps\\api\\src\\utils\\templates.ts": {"path":"D:\\ROAD-TO-12\\saas-backend\\apps\\api\\src\\utils\\templates.ts","statementMap":{"0":{"start":{"line":1,"column":33},"end":{"line":15,"column":1}},"1":{"start":{"line":2,"column":2},"end":{"line":14,"column":4}}},"fnMap":{"0":{"name":"(anonymous_0)","decl":{"start":{"line":1,"column":33},"end":{"line":1,"column":34}},"loc":{"start":{"line":1,"column":68},"end":{"line":15,"column":1}}}},"branchMap":{},"s":{"0":4,"1":0},"f":{"0":0},"b":{}}
}
