TN:
SF:src\app.ts
FNF:0
FNH:0
DA:6,2
DA:8,2
DA:9,2
DA:11,2
DA:13,2
LF:5
LH:5
BRF:0
BRH:0
end_of_record
TN:
SF:src\core\config.ts
FNF:0
FNH:0
DA:5,4
DA:7,4
DA:12,4
DA:23,4
DA:25,4
DA:26,0
DA:27,0
DA:30,4
LF:8
LH:6
BRDA:8,0,0,4
BRDA:8,0,1,0
BRDA:25,1,0,0
BRDA:25,1,1,4
BRF:4
BRH:2
end_of_record
TN:
SF:src\core\logger.ts
FNF:0
FNH:0
DA:4,4
DA:6,4
LF:2
LH:2
BRDA:8,0,0,4
BRDA:8,0,1,0
BRF:2
BRH:1
end_of_record
TN:
SF:src\core\security.ts
FN:11,(anonymous_0)
FN:13,(anonymous_1)
FN:16,(anonymous_2)
FN:20,(anonymous_3)
FN:24,(anonymous_4)
FN:28,(anonymous_5)
FNF:6
FNH:3
FNDA:1,(anonymous_0)
FNDA:0,(anonymous_1)
FNDA:1,(anonymous_2)
FNDA:1,(anonymous_3)
FNDA:0,(anonymous_4)
FNDA:0,(anonymous_5)
DA:5,4
DA:6,4
DA:8,4
DA:10,4
DA:11,1
DA:14,0
DA:17,1
DA:21,1
DA:25,0
DA:29,0
LF:10
LH:7
BRF:0
BRH:0
end_of_record
TN:
SF:src\exceptions\exceptions.ts
FN:5,(anonymous_0)
FN:15,(anonymous_1)
FN:25,(anonymous_2)
FN:35,(anonymous_3)
FN:42,(anonymous_4)
FN:49,(anonymous_5)
FNF:6
FNH:3
FNDA:1,(anonymous_0)
FNDA:3,(anonymous_1)
FNDA:0,(anonymous_2)
FNDA:0,(anonymous_3)
FNDA:2,(anonymous_4)
FNDA:0,(anonymous_5)
DA:9,1
DA:19,3
DA:29,0
DA:36,0
DA:43,2
DA:54,0
LF:6
LH:3
BRDA:7,0,0,1
BRDA:16,1,0,0
BRDA:17,2,0,3
BRDA:26,3,0,0
BRDA:27,4,0,0
BRDA:52,5,0,0
BRF:6
BRH:2
end_of_record
TN:
SF:src\exceptions\root.ts
FN:1,(anonymous_0)
FN:28,(anonymous_1)
FNF:2
FNH:2
FNDA:4,(anonymous_0)
FNDA:6,(anonymous_1)
DA:1,4
DA:3,4
DA:4,4
DA:5,4
DA:8,4
DA:9,4
DA:10,4
DA:13,4
DA:14,4
DA:15,4
DA:18,4
DA:19,4
DA:22,4
DA:23,4
DA:24,4
DA:29,6
DA:30,6
DA:31,6
DA:32,6
DA:34,6
DA:36,6
LF:21
LH:21
BRDA:1,0,0,4
BRDA:1,0,1,4
BRDA:32,1,0,0
BRF:3
BRH:2
end_of_record
TN:
SF:src\generated\prisma\client.ts
FNF:0
FNH:0
DA:16,4
DA:38,4
LF:2
LH:2
BRF:0
BRH:0
end_of_record
TN:
SF:src\generated\prisma\enums.ts
FNF:0
FNH:0
DA:12,4
LF:1
LH:1
BRF:0
BRH:0
end_of_record
TN:
SF:src\generated\prisma\internal\class.ts
FN:33,decodeBase64AsWasm
FN:40,(anonymous_1)
FN:42,(anonymous_2)
FN:230,getPrismaClientClass
FNF:4
FNH:4
FNDA:2,decodeBase64AsWasm
FNDA:2,(anonymous_1)
FNDA:2,(anonymous_2)
FNDA:4,getPrismaClientClass
DA:18,4
DA:31,4
DA:34,2
DA:35,2
DA:36,2
DA:39,4
DA:40,2
DA:43,2
DA:44,2
DA:231,4
LF:10
LH:10
BRF:0
BRH:0
end_of_record
TN:
SF:src\generated\prisma\internal\prismaNamespace.ts
FNF:0
FNH:0
DA:32,4
DA:35,4
DA:38,4
DA:41,4
DA:44,4
DA:50,4
DA:51,4
DA:52,4
DA:53,4
DA:54,4
DA:62,4
DA:71,4
DA:86,4
DA:104,4
DA:114,4
DA:121,4
DA:128,4
DA:386,4
DA:810,4
DA:820,4
DA:837,4
DA:853,4
DA:865,4
DA:876,4
DA:887,4
DA:895,4
DA:903,4
DA:986,4
LF:28
LH:28
BRF:0
BRH:0
end_of_record
TN:
SF:src\infra\db.ts
FN:26,(anonymous_0)
FN:38,(anonymous_1)
FNF:2
FNH:0
FNDA:0,(anonymous_0)
FNDA:0,(anonymous_1)
DA:8,4
DA:12,0
DA:17,4
DA:18,4
DA:20,4
DA:26,4
DA:27,0
DA:28,0
DA:29,0
DA:33,0
DA:34,0
DA:38,4
DA:39,0
LF:13
LH:6
BRDA:8,0,0,0
BRDA:8,0,1,4
BRDA:9,1,0,4
BRDA:9,1,1,4
BRDA:23,2,0,4
BRDA:23,2,1,0
BRF:6
BRH:4
end_of_record
TN:
SF:src\middlewares\auth.middleware.ts
FN:5,(anonymous_0)
FNF:1
FNH:0
FNDA:0,(anonymous_0)
DA:5,2
DA:10,0
DA:11,0
DA:12,0
DA:15,0
DA:16,0
DA:17,0
DA:19,0
DA:20,0
DA:22,0
LF:10
LH:1
BRDA:11,0,0,0
BRDA:11,0,1,0
BRF:2
BRH:0
end_of_record
TN:
SF:src\middlewares\error.middleware.ts
FN:6,(anonymous_0)
FNF:1
FNH:1
FNDA:2,(anonymous_0)
DA:6,2
DA:13,2
DA:14,2
DA:23,0
DA:24,0
DA:33,0
DA:34,0
DA:36,0
DA:45,0
DA:47,0
LF:10
LH:3
BRDA:13,0,0,2
BRDA:13,0,1,0
BRDA:23,1,0,0
BRDA:23,1,1,0
BRDA:33,2,0,0
BRDA:33,2,1,0
BRDA:34,3,0,0
BRDA:34,3,1,0
BRDA:51,4,0,0
BRDA:51,4,1,0
BRF:10
BRH:1
end_of_record
TN:
SF:src\middlewares\role.middleware.ts
FN:4,(anonymous_0)
FN:5,(anonymous_1)
FN:25,(anonymous_2)
FN:26,(anonymous_3)
FNF:4
FNH:1
FNDA:0,(anonymous_0)
FNDA:0,(anonymous_1)
FNDA:26,(anonymous_2)
FNDA:0,(anonymous_3)
DA:4,2
DA:5,0
DA:7,0
DA:8,0
DA:12,0
DA:14,0
DA:15,0
DA:21,0
DA:25,2
DA:26,26
DA:27,0
DA:28,0
DA:32,0
LF:13
LH:3
BRDA:7,0,0,0
BRDA:7,0,1,0
BRDA:14,1,0,0
BRDA:14,1,1,0
BRDA:27,2,0,0
BRDA:27,2,1,0
BRDA:27,3,0,0
BRDA:27,3,1,0
BRF:8
BRH:0
end_of_record
TN:
SF:src\middlewares\validate.middleware.ts
FN:6,(anonymous_0)
FN:7,(anonymous_1)
FN:21,(anonymous_2)
FNF:3
FNH:3
FNDA:34,(anonymous_0)
FNDA:3,(anonymous_1)
FNDA:1,(anonymous_2)
DA:6,2
DA:7,34
DA:8,3
DA:9,3
DA:15,2
DA:17,1
DA:18,1
DA:21,1
DA:27,0
LF:9
LH:8
BRDA:17,0,0,1
BRDA:17,0,1,0
BRF:2
BRH:1
end_of_record
TN:
SF:src\modules\attendance\attendance.controller.ts
FN:6,(anonymous_0)
FN:20,(anonymous_1)
FN:33,(anonymous_2)
FN:47,(anonymous_3)
FNF:4
FNH:0
FNDA:0,(anonymous_0)
FNDA:0,(anonymous_1)
FNDA:0,(anonymous_2)
FNDA:0,(anonymous_3)
DA:4,2
DA:6,2
DA:11,0
DA:12,0
DA:13,0
DA:14,0
DA:16,0
DA:20,2
DA:25,0
DA:26,0
DA:27,0
DA:29,0
DA:33,2
DA:38,0
DA:39,0
DA:40,0
DA:41,0
DA:43,0
DA:47,2
DA:52,0
DA:53,0
DA:54,0
DA:56,0
LF:23
LH:5
BRF:0
BRH:0
end_of_record
TN:
SF:src\modules\attendance\attendance.repository.ts
FN:5,(anonymous_0)
FN:18,(anonymous_1)
FN:27,(anonymous_2)
FN:37,(anonymous_3)
FNF:4
FNH:0
FNDA:0,(anonymous_0)
FNDA:0,(anonymous_1)
FNDA:0,(anonymous_2)
FNDA:0,(anonymous_3)
DA:10,0
DA:19,0
DA:28,0
DA:38,0
DA:39,0
DA:44,0
LF:6
LH:0
BRDA:46,0,0,0
BRDA:46,0,1,0
BRF:2
BRH:0
end_of_record
TN:
SF:src\modules\attendance\attendance.routes.ts
FNF:0
FNH:0
DA:12,2
DA:13,2
DA:16,2
DA:24,2
DA:29,2
DA:37,2
LF:6
LH:6
BRF:0
BRH:0
end_of_record
TN:
SF:src\modules\attendance\attendance.schema.ts
FNF:0
FNH:0
DA:3,2
DA:10,2
DA:18,2
LF:3
LH:3
BRF:0
BRH:0
end_of_record
TN:
SF:src\modules\attendance\attendance.service.ts
FN:14,(anonymous_0)
FN:37,(anonymous_1)
FN:45,(anonymous_2)
FNF:3
FNH:0
FNDA:0,(anonymous_0)
FNDA:0,(anonymous_1)
FNDA:0,(anonymous_2)
DA:10,2
DA:11,2
DA:16,0
DA:17,0
DA:18,0
DA:19,0
DA:20,0
DA:23,0
DA:24,0
DA:30,0
DA:31,0
DA:34,0
DA:38,0
DA:39,0
DA:46,0
DA:47,0
DA:48,0
DA:50,0
LF:18
LH:2
BRDA:17,0,0,0
BRDA:17,0,1,0
BRDA:19,1,0,0
BRDA:19,1,1,0
BRDA:30,2,0,0
BRDA:30,2,1,0
BRDA:38,3,0,0
BRDA:38,3,1,0
BRDA:47,4,0,0
BRDA:47,4,1,0
BRF:10
BRH:0
end_of_record
TN:
SF:src\modules\auth\auth.controller.ts
FN:10,(anonymous_0)
FN:42,(anonymous_1)
FN:65,(anonymous_2)
FN:90,(anonymous_3)
FN:119,(anonymous_4)
FN:147,(anonymous_5)
FN:165,(anonymous_6)
FNF:7
FNH:1
FNDA:2,(anonymous_0)
FNDA:0,(anonymous_1)
FNDA:0,(anonymous_2)
FNDA:0,(anonymous_3)
FNDA:0,(anonymous_4)
FNDA:0,(anonymous_5)
FNDA:0,(anonymous_6)
DA:10,2
DA:15,2
DA:16,2
DA:22,1
DA:29,1
DA:38,1
DA:42,2
DA:47,0
DA:48,0
DA:52,0
DA:59,0
DA:61,0
DA:65,2
DA:70,0
DA:71,0
DA:73,0
DA:74,0
DA:78,0
DA:84,0
DA:86,0
DA:90,2
DA:95,0
DA:96,0
DA:98,0
DA:109,0
DA:110,0
DA:113,0
DA:115,0
DA:119,2
DA:124,0
DA:125,0
DA:126,0
DA:129,0
DA:131,0
DA:138,0
DA:143,0
DA:147,2
DA:152,0
DA:153,0
DA:155,0
DA:161,0
DA:165,2
DA:170,0
DA:171,0
DA:173,0
DA:179,0
LF:46
LH:12
BRDA:73,0,0,0
BRDA:73,0,1,0
BRDA:109,1,0,0
BRDA:109,1,1,0
BRDA:126,2,0,0
BRDA:126,2,1,0
BRF:6
BRH:0
end_of_record
TN:
SF:src\modules\auth\auth.repository.ts
FN:5,(anonymous_0)
FN:9,(anonymous_1)
FN:13,(anonymous_2)
FN:17,(anonymous_3)
FN:30,(anonymous_4)
FN:41,(anonymous_5)
FN:52,(anonymous_6)
FN:63,(anonymous_7)
FN:69,(anonymous_8)
FN:73,(anonymous_9)
FN:77,(anonymous_10)
FN:81,(anonymous_11)
FNF:12
FNH:3
FNDA:0,(anonymous_0)
FNDA:2,(anonymous_1)
FNDA:0,(anonymous_2)
FNDA:1,(anonymous_3)
FNDA:0,(anonymous_4)
FNDA:0,(anonymous_5)
FNDA:0,(anonymous_6)
FNDA:1,(anonymous_7)
FNDA:0,(anonymous_8)
FNDA:0,(anonymous_9)
FNDA:0,(anonymous_10)
FNDA:0,(anonymous_11)
DA:6,0
DA:10,2
DA:14,0
DA:18,1
DA:35,0
DA:42,0
DA:53,0
DA:64,1
DA:70,0
DA:74,0
DA:78,0
DA:82,0
LF:12
LH:3
BRDA:6,0,0,0
BRDA:6,0,1,0
BRF:2
BRH:0
end_of_record
TN:
SF:src\modules\auth\auth.routes.ts
FNF:0
FNH:0
DA:13,2
DA:15,2
DA:16,2
DA:17,2
DA:18,2
DA:20,2
DA:25,2
DA:31,2
LF:8
LH:8
BRF:0
BRH:0
end_of_record
TN:
SF:src\modules\auth\auth.schema.ts
FN:11,(anonymous_0)
FN:44,(anonymous_1)
FNF:2
FNH:1
FNDA:4,(anonymous_0)
FNDA:0,(anonymous_1)
DA:3,3
DA:11,4
DA:15,3
DA:24,3
DA:31,3
DA:37,3
DA:44,0
LF:7
LH:6
BRF:0
BRH:0
end_of_record
TN:
SF:src\modules\auth\auth.service.ts
FN:15,(anonymous_0)
FN:20,(anonymous_1)
FN:41,(anonymous_2)
FN:57,(anonymous_3)
FN:74,(anonymous_4)
FN:78,(anonymous_5)
FN:96,(anonymous_6)
FN:110,(anonymous_7)
FNF:8
FNH:4
FNDA:11,(anonymous_0)
FNDA:5,(anonymous_1)
FNDA:4,(anonymous_2)
FNDA:0,(anonymous_3)
FNDA:0,(anonymous_4)
FNDA:0,(anonymous_5)
FNDA:0,(anonymous_6)
FNDA:2,(anonymous_7)
DA:16,11
DA:17,11
DA:21,5
DA:22,4
DA:23,2
DA:29,2
DA:31,2
DA:38,2
DA:42,4
DA:43,4
DA:44,3
DA:45,1
DA:48,2
DA:52,2
DA:54,1
DA:58,0
DA:59,0
DA:61,0
DA:62,0
DA:63,0
DA:66,0
DA:68,0
DA:69,0
DA:71,0
DA:75,0
DA:79,0
DA:80,0
DA:82,0
DA:83,0
DA:85,0
DA:87,0
DA:88,0
DA:89,0
DA:90,0
DA:92,0
DA:97,0
DA:98,0
DA:99,0
DA:105,0
DA:106,0
DA:107,0
DA:111,2
DA:115,2
DA:119,2
DA:125,2
DA:129,4
DA:131,4
LF:47
LH:21
BRDA:22,0,0,2
BRDA:22,0,1,2
BRDA:43,1,0,1
BRDA:43,1,1,3
BRDA:44,2,0,1
BRDA:44,2,1,2
BRDA:52,3,0,1
BRDA:52,3,1,1
BRDA:61,4,0,0
BRDA:61,4,1,0
BRDA:69,5,0,0
BRDA:69,5,1,0
BRDA:80,6,0,0
BRDA:80,6,1,0
BRDA:98,7,0,0
BRDA:98,7,1,0
BRF:16
BRH:8
end_of_record
TN:
SF:src\modules\health\health.controller.ts
FN:4,(anonymous_0)
FNF:1
FNH:1
FNDA:1,(anonymous_0)
DA:4,2
DA:5,1
DA:7,1
DA:9,1
DA:17,0
LF:5
LH:4
BRF:0
BRH:0
end_of_record
TN:
SF:src\modules\health\index.ts
FNF:0
FNH:0
DA:5,2
DA:7,2
LF:2
LH:2
BRF:0
BRH:0
end_of_record
TN:
SF:src\modules\members\member.controller.ts
FN:10,(anonymous_0)
FN:23,(anonymous_1)
FN:39,(anonymous_2)
FN:52,(anonymous_3)
FN:65,(anonymous_4)
FN:81,(anonymous_5)
FNF:6
FNH:0
FNDA:0,(anonymous_0)
FNDA:0,(anonymous_1)
FNDA:0,(anonymous_2)
FNDA:0,(anonymous_3)
FNDA:0,(anonymous_4)
FNDA:0,(anonymous_5)
DA:4,2
DA:10,2
DA:15,0
DA:16,0
DA:17,0
DA:19,0
DA:23,2
DA:28,0
DA:29,0
DA:30,0
DA:32,0
DA:33,0
DA:35,0
DA:39,2
DA:44,0
DA:45,0
DA:46,0
DA:48,0
DA:52,2
DA:57,0
DA:58,0
DA:59,0
DA:61,0
DA:65,2
DA:70,0
DA:71,0
DA:72,0
DA:77,0
DA:81,2
DA:86,0
DA:87,0
DA:88,0
DA:93,0
LF:33
LH:7
BRDA:29,0,0,0
BRDA:29,0,1,0
BRDA:30,1,0,0
BRDA:30,1,1,0
BRF:4
BRH:0
end_of_record
TN:
SF:src\modules\members\member.repository.ts
FN:5,(anonymous_0)
FN:19,(anonymous_1)
FN:33,(anonymous_2)
FN:45,(anonymous_3)
FN:61,(anonymous_4)
FN:68,(anonymous_5)
FNF:6
FNH:0
FNDA:0,(anonymous_0)
FNDA:0,(anonymous_1)
FNDA:0,(anonymous_2)
FNDA:0,(anonymous_3)
FNDA:0,(anonymous_4)
FNDA:0,(anonymous_5)
DA:6,0
DA:20,0
DA:34,0
DA:46,0
DA:62,0
DA:69,0
LF:6
LH:0
BRDA:9,0,0,0
BRDA:9,0,1,0
BRDA:19,1,0,0
BRF:3
BRH:0
end_of_record
TN:
SF:src\modules\members\member.routes.ts
FNF:0
FNH:0
DA:12,2
DA:13,2
DA:15,2
DA:21,2
DA:26,2
DA:27,2
DA:33,2
DA:39,2
LF:8
LH:8
BRF:0
BRH:0
end_of_record
TN:
SF:src\modules\members\member.schema.ts
FNF:0
FNH:0
DA:3,2
DA:15,2
DA:17,2
DA:22,2
LF:4
LH:4
BRF:0
BRH:0
end_of_record
TN:
SF:src\modules\members\member.service.ts
FN:15,(anonymous_0)
FN:37,(anonymous_1)
FN:50,(anonymous_2)
FN:60,(anonymous_3)
FN:82,(anonymous_4)
FN:90,(anonymous_5)
FNF:6
FNH:0
FNDA:0,(anonymous_0)
FNDA:0,(anonymous_1)
FNDA:0,(anonymous_2)
FNDA:0,(anonymous_3)
FNDA:0,(anonymous_4)
FNDA:0,(anonymous_5)
DA:11,2
DA:12,2
DA:16,0
DA:19,0
DA:20,0
DA:25,0
DA:26,0
DA:27,0
DA:28,0
DA:34,0
DA:38,0
DA:39,0
DA:44,0
DA:51,0
DA:52,0
DA:53,0
DA:57,0
DA:61,0
DA:62,0
DA:63,0
DA:65,0
DA:66,0
DA:67,0
DA:68,0
DA:74,0
DA:79,0
DA:83,0
DA:84,0
DA:85,0
DA:87,0
DA:91,0
DA:92,0
DA:93,0
DA:95,0
LF:34
LH:2
BRDA:19,0,0,0
BRDA:19,0,1,0
BRDA:25,1,0,0
BRDA:25,1,1,0
BRDA:27,2,0,0
BRDA:27,2,1,0
BRDA:52,3,0,0
BRDA:52,3,1,0
BRDA:62,4,0,0
BRDA:62,4,1,0
BRDA:65,5,0,0
BRDA:65,5,1,0
BRDA:67,6,0,0
BRDA:67,6,1,0
BRDA:76,7,0,0
BRDA:76,7,1,0
BRDA:84,8,0,0
BRDA:84,8,1,0
BRDA:92,9,0,0
BRDA:92,9,1,0
BRF:20
BRH:0
end_of_record
TN:
SF:src\modules\trainers\trainer.controller.ts
FN:10,(anonymous_0)
FN:23,(anonymous_1)
FN:38,(anonymous_2)
FN:51,(anonymous_3)
FN:64,(anonymous_4)
FN:80,(anonymous_5)
FNF:6
FNH:0
FNDA:0,(anonymous_0)
FNDA:0,(anonymous_1)
FNDA:0,(anonymous_2)
FNDA:0,(anonymous_3)
FNDA:0,(anonymous_4)
FNDA:0,(anonymous_5)
DA:4,2
DA:10,2
DA:15,0
DA:16,0
DA:17,0
DA:19,0
DA:23,2
DA:28,0
DA:29,0
DA:30,0
DA:31,0
DA:32,0
DA:34,0
DA:38,2
DA:43,0
DA:44,0
DA:45,0
DA:47,0
DA:51,2
DA:56,0
DA:57,0
DA:58,0
DA:60,0
DA:64,2
DA:69,0
DA:70,0
DA:71,0
DA:76,0
DA:80,2
DA:85,0
DA:86,0
DA:87,0
DA:89,0
LF:33
LH:7
BRDA:29,0,0,0
BRDA:29,0,1,0
BRDA:30,1,0,0
BRDA:30,1,1,0
BRF:4
BRH:0
end_of_record
TN:
SF:src\modules\trainers\trainer.repository.ts
FN:5,(anonymous_0)
FN:9,(anonymous_1)
FN:18,(anonymous_2)
FN:22,(anonymous_3)
FN:36,(anonymous_4)
FN:61,(anonymous_5)
FN:65,(anonymous_6)
FN:69,(anonymous_7)
FN:77,(anonymous_8)
FNF:9
FNH:0
FNDA:0,(anonymous_0)
FNDA:0,(anonymous_1)
FNDA:0,(anonymous_2)
FNDA:0,(anonymous_3)
FNDA:0,(anonymous_4)
FNDA:0,(anonymous_5)
FNDA:0,(anonymous_6)
FNDA:0,(anonymous_7)
FNDA:0,(anonymous_8)
DA:6,0
DA:10,0
DA:19,0
DA:23,0
DA:40,0
DA:62,0
DA:66,0
DA:70,0
DA:78,0
LF:9
LH:0
BRDA:6,0,0,0
BRDA:6,0,1,0
BRF:2
BRH:0
end_of_record
TN:
SF:src\modules\trainers\trainer.routes.ts
FNF:0
FNH:0
DA:12,2
DA:14,2
DA:16,2
DA:23,2
DA:29,2
DA:31,2
DA:38,2
DA:45,2
LF:8
LH:8
BRF:0
BRH:0
end_of_record
TN:
SF:src\modules\trainers\trainer.schema.ts
FNF:0
FNH:0
DA:3,2
DA:9,2
DA:13,2
DA:17,2
DA:22,2
LF:5
LH:5
BRF:0
BRH:0
end_of_record
TN:
SF:src\modules\trainers\trainer.service.ts
FN:15,(anonymous_0)
FN:27,(anonymous_1)
FN:43,(anonymous_2)
FN:50,(anonymous_3)
FN:60,(anonymous_4)
FN:66,(anonymous_5)
FN:71,(anonymous_6)
FN:79,(anonymous_7)
FNF:8
FNH:0
FNDA:0,(anonymous_0)
FNDA:0,(anonymous_1)
FNDA:0,(anonymous_2)
FNDA:0,(anonymous_3)
FNDA:0,(anonymous_4)
FNDA:0,(anonymous_5)
FNDA:0,(anonymous_6)
FNDA:0,(anonymous_7)
DA:11,2
DA:12,2
DA:20,0
DA:21,0
DA:22,0
DA:24,0
DA:25,0
DA:27,0
DA:28,0
DA:31,0
DA:39,0
DA:44,0
DA:45,0
DA:46,0
DA:47,0
DA:51,0
DA:52,0
DA:53,0
DA:57,0
DA:61,0
DA:62,0
DA:63,0
DA:64,0
DA:67,0
DA:68,0
DA:69,0
DA:71,0
DA:73,0
DA:75,0
DA:80,0
DA:81,0
DA:82,0
DA:83,0
LF:33
LH:2
BRDA:21,0,0,0
BRDA:21,0,1,0
BRDA:25,1,0,0
BRDA:25,1,1,0
BRDA:32,2,0,0
BRDA:32,2,1,0
BRDA:33,3,0,0
BRDA:33,3,1,0
BRDA:52,4,0,0
BRDA:52,4,1,0
BRDA:62,5,0,0
BRDA:62,5,1,0
BRDA:68,6,0,0
BRDA:68,6,1,0
BRDA:81,7,0,0
BRDA:81,7,1,0
BRF:16
BRH:0
end_of_record
TN:
SF:src\routes\v1\index.ts
FNF:0
FNH:0
DA:11,2
DA:13,2
DA:14,2
DA:15,2
DA:21,2
DA:22,2
LF:6
LH:6
BRF:0
BRH:0
end_of_record
TN:
SF:src\utils\date.util.ts
FN:1,convertUTCToIST
FNF:1
FNH:0
FNDA:0,convertUTCToIST
DA:2,0
DA:4,0
DA:6,0
LF:3
LH:0
BRDA:2,0,0,0
BRDA:2,0,1,0
BRF:2
BRH:0
end_of_record
TN:
SF:src\utils\mail.ts
FN:13,(anonymous_0)
FNF:1
FNH:0
FNDA:0,(anonymous_0)
DA:3,4
DA:13,4
DA:14,0
LF:3
LH:2
BRF:0
BRH:0
end_of_record
TN:
SF:src\utils\templates.ts
FN:1,(anonymous_0)
FNF:1
FNH:0
FNDA:0,(anonymous_0)
DA:1,4
DA:2,0
LF:2
LH:1
BRF:0
BRH:0
end_of_record
